Using pre-set license
Built from '2021.3/staging' branch; Version is '2021.3.13f1 (9e7d58001ecf) revision 10386776'; Using compiler version '192829333'; Build Type 'Release'
OS: 'Windows 10  (10.0.19045) 64bit Education' Language: 'fr' Physical Memory: 65205 MB
BatchMode: 1, IsHumanControllingUs: 0, StartBugReporterOnCrash: 0, Is64bit: 1, IsPro: 1

COMMAND LINE ARGUMENTS:
C:\Program Files\Unity\Hub\2021.3.13f1\Editor\Unity.exe
-adb2
-batchMode
-noUpm
-name
AssetImportWorker3
-projectPath
D:/Bear-to-beers/Bear to beers
-logFile
Logs/AssetImportWorker3.log
-srvPort
60143
Successfully changed project path to: D:/Bear-to-beers/Bear to beers
D:/Bear-to-beers/Bear to beers
[UnityMemory] Configuration Parameters - Can be set up in boot.config
    "memorysetup-bucket-allocator-granularity=16"
    "memorysetup-bucket-allocator-bucket-count=8"
    "memorysetup-bucket-allocator-block-size=33554432"
    "memorysetup-bucket-allocator-block-count=8"
    "memorysetup-main-allocator-block-size=16777216"
    "memorysetup-thread-allocator-block-size=16777216"
    "memorysetup-gfx-main-allocator-block-size=16777216"
    "memorysetup-gfx-thread-allocator-block-size=16777216"
    "memorysetup-cache-allocator-block-size=4194304"
    "memorysetup-typetree-allocator-block-size=2097152"
    "memorysetup-profiler-bucket-allocator-granularity=16"
    "memorysetup-profiler-bucket-allocator-bucket-count=8"
    "memorysetup-profiler-bucket-allocator-block-size=33554432"
    "memorysetup-profiler-bucket-allocator-block-count=8"
    "memorysetup-profiler-allocator-block-size=16777216"
    "memorysetup-profiler-editor-allocator-block-size=1048576"
    "memorysetup-temp-allocator-size-main=16777216"
    "memorysetup-job-temp-allocator-block-size=2097152"
    "memorysetup-job-temp-allocator-block-size-background=1048576"
    "memorysetup-job-temp-allocator-reduction-small-platforms=262144"
    "memorysetup-temp-allocator-size-background-worker=32768"
    "memorysetup-temp-allocator-size-job-worker=262144"
    "memorysetup-temp-allocator-size-preload-manager=33554432"
    "memorysetup-temp-allocator-size-nav-mesh-worker=65536"
    "memorysetup-temp-allocator-size-audio-worker=65536"
    "memorysetup-temp-allocator-size-cloud-worker=32768"
    "memorysetup-temp-allocator-size-gi-baking-worker=262144"
    "memorysetup-temp-allocator-size-gfx=262144"
Refreshing native plugins compatible for Editor in 112.13 ms, found 3 plugins.
Preloading 0 native plugins for Editor in 0.00 ms.
Initialize engine version: 2021.3.13f1 (9e7d58001ecf)
[Subsystems] Discovering subsystems at path C:/Program Files/Unity/Hub/2021.3.13f1/Editor/Data/Resources/UnitySubsystems
[Subsystems] Discovering subsystems at path D:/Bear-to-beers/Bear to beers/Assets
GfxDevice: creating device client; threaded=0; jobified=0
Direct3D:
    Version:  Direct3D 11.0 [level 11.1]
    Renderer: Intel(R) UHD Graphics 770 (ID=0x4680)
    Vendor:   Intel
    VRAM:     32602 MB
    Driver:   31.0.101.3358
Initialize mono
Mono path[0] = 'C:/Program Files/Unity/Hub/2021.3.13f1/Editor/Data/Managed'
Mono path[1] = 'C:/Program Files/Unity/Hub/2021.3.13f1/Editor/Data/MonoBleedingEdge/lib/mono/unityjit-win32'
Mono config path = 'C:/Program Files/Unity/Hub/2021.3.13f1/Editor/Data/MonoBleedingEdge/etc'
Using monoOptions --debugger-agent=transport=dt_socket,embedding=1,server=y,suspend=n,address=127.0.0.1:56320
Begin MonoManager ReloadAssembly
Registering precompiled unity dll's ...
Register platform support module: C:/Program Files/Unity/Hub/2021.3.13f1/Editor/Data/PlaybackEngines/WebGLSupport/UnityEditor.WebGL.Extensions.dll
Register platform support module: C:/Program Files/Unity/Hub/2021.3.13f1/Editor/Data/PlaybackEngines/AndroidPlayer/UnityEditor.Android.Extensions.dll
Register platform support module: C:/Program Files/Unity/Hub/2021.3.13f1/Editor/Data/PlaybackEngines/WindowsStandaloneSupport/UnityEditor.WindowsStandalone.Extensions.dll
Registered in 0.007651 seconds.
Native extension for WindowsStandalone target not found
Native extension for Android target not found
Native extension for WebGL target not found
Refreshing native plugins compatible for Editor in 87.00 ms, found 3 plugins.
Preloading 0 native plugins for Editor in 0.00 ms.
Mono: successfully reloaded assembly
- Completed reload, in  0.739 seconds
Domain Reload Profiling:
	ReloadAssembly (739ms)
		BeginReloadAssembly (91ms)
			ExecutionOrderSort (0ms)
			DisableScriptedObjects (0ms)
			BackupInstance (0ms)
			ReleaseScriptingObjects (0ms)
			CreateAndSetChildDomain (1ms)
		EndReloadAssembly (526ms)
			LoadAssemblies (88ms)
			RebuildTransferFunctionScriptingTraits (0ms)
			SetupTypeCache (120ms)
			ReleaseScriptCaches (0ms)
			RebuildScriptCaches (31ms)
			SetupLoadedEditorAssemblies (317ms)
				LogAssemblyErrors (0ms)
				InitializePlatformSupportModulesInManaged (50ms)
				SetLoadedEditorAssemblies (0ms)
				RefreshPlugins (87ms)
				BeforeProcessingInitializeOnLoad (1ms)
				ProcessInitializeOnLoadAttributes (129ms)
				ProcessInitializeOnLoadMethodAttributes (49ms)
				AfterProcessingInitializeOnLoad (0ms)
				EditorAssembliesLoaded (0ms)
			ExecutionOrderSort2 (0ms)
			AwakeInstancesAfterBackupRestoration (0ms)
Platform modules already initialized, skipping
Registering precompiled user dll's ...
Registered in 0.005028 seconds.
Begin MonoManager ReloadAssembly
Symbol file LoadedFromMemory doesn't match image D:\Bear-to-beers\Bear to beers\Library\PackageCache\com.unity.visualscripting@1.7.8\Editor\VisualScripting.Core\Dependencies\YamlDotNet\Unity.VisualScripting.YamlDotNet.dll
Symbol file LoadedFromMemory doesn't match image D:\Bear-to-beers\Bear to beers\Library\PackageCache\com.unity.visualscripting@1.7.8\Editor\VisualScripting.Core\Dependencies\DotNetZip\Unity.VisualScripting.IonicZip.dll
Native extension for WindowsStandalone target not found
Native extension for Android target not found
Native extension for WebGL target not found
Refreshing native plugins compatible for Editor in 88.59 ms, found 3 plugins.
Preloading 0 native plugins for Editor in 0.00 ms.
Mono: successfully reloaded assembly
- Completed reload, in  1.271 seconds
Domain Reload Profiling:
	ReloadAssembly (1272ms)
		BeginReloadAssembly (116ms)
			ExecutionOrderSort (0ms)
			DisableScriptedObjects (7ms)
			BackupInstance (0ms)
			ReleaseScriptingObjects (0ms)
			CreateAndSetChildDomain (18ms)
		EndReloadAssembly (1026ms)
			LoadAssemblies (86ms)
			RebuildTransferFunctionScriptingTraits (0ms)
			SetupTypeCache (297ms)
			ReleaseScriptCaches (1ms)
			RebuildScriptCaches (57ms)
			SetupLoadedEditorAssemblies (540ms)
				LogAssemblyErrors (0ms)
				InitializePlatformSupportModulesInManaged (15ms)
				SetLoadedEditorAssemblies (0ms)
				RefreshPlugins (89ms)
				BeforeProcessingInitializeOnLoad (91ms)
				ProcessInitializeOnLoadAttributes (311ms)
				ProcessInitializeOnLoadMethodAttributes (28ms)
				AfterProcessingInitializeOnLoad (7ms)
				EditorAssembliesLoaded (0ms)
			ExecutionOrderSort2 (0ms)
			AwakeInstancesAfterBackupRestoration (7ms)
Platform modules already initialized, skipping
========================================================================
Worker process is ready to serve import requests
Launched and connected shader compiler UnityShaderCompiler.exe after 0.03 seconds
Refreshing native plugins compatible for Editor in 0.44 ms, found 3 plugins.
Preloading 0 native plugins for Editor in 0.00 ms.
Unloading 3697 Unused Serialized files (Serialized files now loaded: 0)
Unloading 28 unused Assets / (56.5 KB). Loaded Objects now: 4177.
Memory consumption went from 143.2 MB to 143.1 MB.
Total: 2.163400 ms (FindLiveObjects: 0.168500 ms CreateObjectMapping: 0.075300 ms MarkObjects: 1.867300 ms  DeleteObjects: 0.051400 ms)

AssetImportParameters requested are different than current active one (requested -> active):
  custom:video-decoder-ogg-theora: a1e56fd34408186e4bbccfd4996cb3dc -> 
  custom:container-muxer-webm: aa71ff27fc2769a1b78a27578f13a17b -> 
  custom:container-demuxer-webm: 4f35f7cbe854078d1ac9338744f61a02 -> 
  custom:video-encoder-webm-vp8: eb34c28f22e8b96e1ab97ce403110664 -> 
  custom:audio-encoder-webm-vorbis: bf7c407c2cedff20999df2af8eb42d56 -> 
  custom:framework-win-MediaFoundation: 216162199b28c13a410421893ffa2e32 -> 
  custom:container-demuxer-ogg: 62fdf1f143b41e24485cea50d1cbac27 -> 
  custom:video-decoder-webm-vp8: 9c59270c3fd7afecdb556c50c9e8de78 -> 
  custom:audio-decoder-ogg-vorbis: bf7c407c2cedff20999df2af8eb42d56 -> 
========================================================================
Received Import Request.
  Time since last request: 5295.977318 seconds.
  path: Assets/Maps/Toby Fredson/Rocky Hills Environment - Light Pack/Materials/RHEF_GenericCliffB.mat
  artifactKey: Guid(7d83b943a5802e14499a11a38ac8946d) Importer(815301076,1909f56bfc062723c751e8b465ee728b)
Start importing Assets/Maps/Toby Fredson/Rocky Hills Environment - Light Pack/Materials/RHEF_GenericCliffB.mat using Guid(7d83b943a5802e14499a11a38ac8946d) Importer(815301076,1909f56bfc062723c751e8b465ee728b)  -> (artifact id: '756a35d0a62da280b3839d83dc6720bd') in 1.111356 seconds 
========================================================================
Received Import Request.
  Time since last request: 0.000024 seconds.
  path: Assets/Maps/Toby Fredson/Rocky Hills Environment - Light Pack/Materials/RHEF_SpruceTrunk_Nature.mat
  artifactKey: Guid(b6b55900a82122d4cac45581a7cd97db) Importer(815301076,1909f56bfc062723c751e8b465ee728b)
Start importing Assets/Maps/Toby Fredson/Rocky Hills Environment - Light Pack/Materials/RHEF_SpruceTrunk_Nature.mat using Guid(b6b55900a82122d4cac45581a7cd97db) Importer(815301076,1909f56bfc062723c751e8b465ee728b)  -> (artifact id: '458e7427662bdec42e54e39a89566b49') in 0.731572 seconds 
========================================================================
Received Import Request.
  Time since last request: 24.001928 seconds.
  path: Assets/Maps/Toby Fredson/Rocky Hills Environment - Light Pack/Prefabs/RHEF_RockDetailsA.prefab
  artifactKey: Guid(5eb9966c8253a3649970e935258ad8d2) Importer(815301076,1909f56bfc062723c751e8b465ee728b)
Start importing Assets/Maps/Toby Fredson/Rocky Hills Environment - Light Pack/Prefabs/RHEF_RockDetailsA.prefab using Guid(5eb9966c8253a3649970e935258ad8d2) Importer(815301076,1909f56bfc062723c751e8b465ee728b)  -> (artifact id: 'c707fbeceba9122451497bd1bd28065f') in 0.054144 seconds 
========================================================================
Received Import Request.
  Time since last request: 0.000029 seconds.
  path: Assets/Maps/Toby Fredson/Rocky Hills Environment - Light Pack/Prefabs/RHEF_RockMediumA.prefab
  artifactKey: Guid(838aed2c0bd6e074383add6c6e347995) Importer(815301076,1909f56bfc062723c751e8b465ee728b)
Start importing Assets/Maps/Toby Fredson/Rocky Hills Environment - Light Pack/Prefabs/RHEF_RockMediumA.prefab using Guid(838aed2c0bd6e074383add6c6e347995) Importer(815301076,1909f56bfc062723c751e8b465ee728b)  -> (artifact id: '4c382be0eeee8229675a4156f059c8e3') in 0.050015 seconds 
========================================================================
Received Import Request.
  Time since last request: 0.000022 seconds.
  path: Assets/Maps/Toby Fredson/Rocky Hills Environment - Light Pack/Prefabs/RHEF_RockMediumB.prefab
  artifactKey: Guid(46b49871773764447a894bbb1c459502) Importer(815301076,1909f56bfc062723c751e8b465ee728b)
Start importing Assets/Maps/Toby Fredson/Rocky Hills Environment - Light Pack/Prefabs/RHEF_RockMediumB.prefab using Guid(46b49871773764447a894bbb1c459502) Importer(815301076,1909f56bfc062723c751e8b465ee728b)  -> (artifact id: 'f53bb30ab2811b69777ab249bba4af30') in 0.086793 seconds 
========================================================================
Received Import Request.
  Time since last request: 0.000026 seconds.
  path: Assets/Maps/Toby Fredson/Rocky Hills Environment - Light Pack/Prefabs/RHEF_SpruceA.prefab
  artifactKey: Guid(ddd082fb4672f6643be6891e17a84358) Importer(815301076,1909f56bfc062723c751e8b465ee728b)
Start importing Assets/Maps/Toby Fredson/Rocky Hills Environment - Light Pack/Prefabs/RHEF_SpruceA.prefab using Guid(ddd082fb4672f6643be6891e17a84358) Importer(815301076,1909f56bfc062723c751e8b465ee728b)  -> (artifact id: 'e384a3b2a8805262635d91bbc0cd69f6') in 1.166318 seconds 
========================================================================
Received Import Request.
  Time since last request: 7.377217 seconds.
  path: Assets/Maps/Toby Fredson/Rocky Hills Environment - Light Pack/Textures/MRLFGenericRockGrass_Hight.tif
  artifactKey: Guid(ace68ecd427fd794f9857b3d39e5ebea) Importer(815301076,1909f56bfc062723c751e8b465ee728b)
Start importing Assets/Maps/Toby Fredson/Rocky Hills Environment - Light Pack/Textures/MRLFGenericRockGrass_Hight.tif using Guid(ace68ecd427fd794f9857b3d39e5ebea) Importer(815301076,1909f56bfc062723c751e8b465ee728b)  -> (artifact id: '2d3a205b2065676c6a9055633b3499bc') in 0.043956 seconds 
========================================================================
Received Import Request.
  Time since last request: 0.000354 seconds.
  path: Assets/Maps/Toby Fredson/Rocky Hills Environment - Light Pack/Textures/RHEFCave_AO.png
  artifactKey: Guid(236b0004fd65e4246b78c5245ee14ba0) Importer(815301076,1909f56bfc062723c751e8b465ee728b)
Start importing Assets/Maps/Toby Fredson/Rocky Hills Environment - Light Pack/Textures/RHEFCave_AO.png using Guid(236b0004fd65e4246b78c5245ee14ba0) Importer(815301076,1909f56bfc062723c751e8b465ee728b)  -> (artifact id: '75d64b12eaa6441a8c9b12d81bcdf846') in 0.025230 seconds 
========================================================================
Received Import Request.
  Time since last request: 0.000024 seconds.
  path: Assets/Maps/Toby Fredson/Rocky Hills Environment - Light Pack/Textures/MRLRockMediumA_Specular.tif
  artifactKey: Guid(322285cb5150a084e95206dd1e33a553) Importer(815301076,1909f56bfc062723c751e8b465ee728b)
Start importing Assets/Maps/Toby Fredson/Rocky Hills Environment - Light Pack/Textures/MRLRockMediumA_Specular.tif using Guid(322285cb5150a084e95206dd1e33a553) Importer(815301076,1909f56bfc062723c751e8b465ee728b)  -> (artifact id: 'bbb01d273c8f2f8d40212f4440e58657') in 0.037449 seconds 
========================================================================
Received Import Request.
  Time since last request: 0.000837 seconds.
  path: Assets/Maps/Toby Fredson/Rocky Hills Environment - Light Pack/Textures/MRLRockMediumB_Diffuse.png
  artifactKey: Guid(3e95783887475bc478443c161d476639) Importer(815301076,1909f56bfc062723c751e8b465ee728b)
Start importing Assets/Maps/Toby Fredson/Rocky Hills Environment - Light Pack/Textures/MRLRockMediumB_Diffuse.png using Guid(3e95783887475bc478443c161d476639) Importer(815301076,1909f56bfc062723c751e8b465ee728b)  -> (artifact id: '5d0b6d222aa42d5e51b84a39b214d92a') in 0.029725 seconds 
========================================================================
Received Import Request.
  Time since last request: 0.000023 seconds.
  path: Assets/Maps/Toby Fredson/Rocky Hills Environment - Light Pack/Textures/RHEFCaveTop_Specular.tif
  artifactKey: Guid(88ef541e3a436c249965bdd21bc81c36) Importer(815301076,1909f56bfc062723c751e8b465ee728b)
Start importing Assets/Maps/Toby Fredson/Rocky Hills Environment - Light Pack/Textures/RHEFCaveTop_Specular.tif using Guid(88ef541e3a436c249965bdd21bc81c36) Importer(815301076,1909f56bfc062723c751e8b465ee728b)  -> (artifact id: '74f81b4b0c9dbd589406cd15d91dc157') in 0.033296 seconds 
========================================================================
Received Import Request.
  Time since last request: 0.000026 seconds.
  path: Assets/Maps/Toby Fredson/Rocky Hills Environment - Light Pack/Textures/SpruceTrunk_AO.png
  artifactKey: Guid(295235c55a4af274fa927c1ad30efc83) Importer(815301076,1909f56bfc062723c751e8b465ee728b)
Start importing Assets/Maps/Toby Fredson/Rocky Hills Environment - Light Pack/Textures/SpruceTrunk_AO.png using Guid(295235c55a4af274fa927c1ad30efc83) Importer(815301076,1909f56bfc062723c751e8b465ee728b)  -> (artifact id: 'f2f037f6cda86bff023e90552b96b948') in 0.048528 seconds 
========================================================================
Received Import Request.
  Time since last request: 0.000027 seconds.
  path: Assets/Maps/Toby Fredson/Rocky Hills Environment - Light Pack/Textures/MRLRockMediumA_Diffuse.png
  artifactKey: Guid(617b2ab5df4a8b94c950523d8cc95412) Importer(815301076,1909f56bfc062723c751e8b465ee728b)
Start importing Assets/Maps/Toby Fredson/Rocky Hills Environment - Light Pack/Textures/MRLRockMediumA_Diffuse.png using Guid(617b2ab5df4a8b94c950523d8cc95412) Importer(815301076,1909f56bfc062723c751e8b465ee728b)  -> (artifact id: '98b9e40c024c90600ddc555397fbf552') in 0.029376 seconds 
========================================================================
Received Import Request.
  Time since last request: 0.000029 seconds.
  path: Assets/Maps/Toby Fredson/Rocky Hills Environment - Light Pack/Textures/RHEFRockDetails_Specular.tif
  artifactKey: Guid(cee593f0c582b3e47968ede5871af963) Importer(815301076,1909f56bfc062723c751e8b465ee728b)
Start importing Assets/Maps/Toby Fredson/Rocky Hills Environment - Light Pack/Textures/RHEFRockDetails_Specular.tif using Guid(cee593f0c582b3e47968ede5871af963) Importer(815301076,1909f56bfc062723c751e8b465ee728b)  -> (artifact id: 'dd1515b94531fb701b1d68d7bc3d6500') in 0.020926 seconds 
========================================================================
Received Import Request.
  Time since last request: 0.000039 seconds.
  path: Assets/Maps/Toby Fredson/Rocky Hills Environment - Light Pack/Textures/RHEFLowRockMedium_Diffuse.png
  artifactKey: Guid(31bebcdcc51e9654a9a4ce9e33f56d07) Importer(815301076,1909f56bfc062723c751e8b465ee728b)
Start importing Assets/Maps/Toby Fredson/Rocky Hills Environment - Light Pack/Textures/RHEFLowRockMedium_Diffuse.png using Guid(31bebcdcc51e9654a9a4ce9e33f56d07) Importer(815301076,1909f56bfc062723c751e8b465ee728b)  -> (artifact id: '25c8a1de6c426487acdefb17a6061664') in 0.036686 seconds 
========================================================================
Received Prepare
Registering precompiled user dll's ...
Registered in 0.005861 seconds.
Begin MonoManager ReloadAssembly
Symbol file LoadedFromMemory doesn't match image D:\Bear-to-beers\Bear to beers\Library\PackageCache\com.unity.visualscripting@1.7.8\Editor\VisualScripting.Core\Dependencies\YamlDotNet\Unity.VisualScripting.YamlDotNet.dll
Symbol file LoadedFromMemory doesn't match image D:\Bear-to-beers\Bear to beers\Library\PackageCache\com.unity.visualscripting@1.7.8\Editor\VisualScripting.Core\Dependencies\DotNetZip\Unity.VisualScripting.IonicZip.dll
Native extension for WindowsStandalone target not found
Native extension for Android target not found
Native extension for WebGL target not found
Refreshing native plugins compatible for Editor in 0.71 ms, found 3 plugins.
Preloading 0 native plugins for Editor in 0.00 ms.
Mono: successfully reloaded assembly
- Completed reload, in  1.176 seconds
Domain Reload Profiling:
	ReloadAssembly (1176ms)
		BeginReloadAssembly (157ms)
			ExecutionOrderSort (0ms)
			DisableScriptedObjects (5ms)
			BackupInstance (0ms)
			ReleaseScriptingObjects (0ms)
			CreateAndSetChildDomain (38ms)
		EndReloadAssembly (903ms)
			LoadAssemblies (113ms)
			RebuildTransferFunctionScriptingTraits (0ms)
			SetupTypeCache (283ms)
			ReleaseScriptCaches (1ms)
			RebuildScriptCaches (44ms)
			SetupLoadedEditorAssemblies (426ms)
				LogAssemblyErrors (0ms)
				InitializePlatformSupportModulesInManaged (24ms)
				SetLoadedEditorAssemblies (1ms)
				RefreshPlugins (1ms)
				BeforeProcessingInitializeOnLoad (66ms)
				ProcessInitializeOnLoadAttributes (291ms)
				ProcessInitializeOnLoadMethodAttributes (36ms)
				AfterProcessingInitializeOnLoad (8ms)
				EditorAssembliesLoaded (0ms)
			ExecutionOrderSort2 (0ms)
			AwakeInstancesAfterBackupRestoration (8ms)
Platform modules already initialized, skipping
Refreshing native plugins compatible for Editor in 1.87 ms, found 3 plugins.
Preloading 0 native plugins for Editor in 0.00 ms.
Unloading 3699 Unused Serialized files (Serialized files now loaded: 0)
Unloading 26 unused Assets / (15.7 MB). Loaded Objects now: 4229.
Memory consumption went from 169.2 MB to 153.5 MB.
Total: 4.248500 ms (FindLiveObjects: 0.371300 ms CreateObjectMapping: 0.134200 ms MarkObjects: 2.675200 ms  DeleteObjects: 1.067000 ms)

AssetImportParameters requested are different than current active one (requested -> active):
  custom:video-decoder-ogg-theora: a1e56fd34408186e4bbccfd4996cb3dc -> 
  custom:container-muxer-webm: aa71ff27fc2769a1b78a27578f13a17b -> 
  custom:container-demuxer-webm: 4f35f7cbe854078d1ac9338744f61a02 -> 
  custom:video-encoder-webm-vp8: eb34c28f22e8b96e1ab97ce403110664 -> 
  custom:audio-encoder-webm-vorbis: bf7c407c2cedff20999df2af8eb42d56 -> 
  custom:framework-win-MediaFoundation: 216162199b28c13a410421893ffa2e32 -> 
  custom:container-demuxer-ogg: 62fdf1f143b41e24485cea50d1cbac27 -> 
  custom:video-decoder-webm-vp8: 9c59270c3fd7afecdb556c50c9e8de78 -> 
  custom:audio-decoder-ogg-vorbis: bf7c407c2cedff20999df2af8eb42d56 -> 
========================================================================
Received Prepare
Registering precompiled user dll's ...
Registered in 0.004579 seconds.
Begin MonoManager ReloadAssembly
Symbol file LoadedFromMemory doesn't match image D:\Bear-to-beers\Bear to beers\Library\PackageCache\com.unity.visualscripting@1.7.8\Editor\VisualScripting.Core\Dependencies\YamlDotNet\Unity.VisualScripting.YamlDotNet.dll
Symbol file LoadedFromMemory doesn't match image D:\Bear-to-beers\Bear to beers\Library\PackageCache\com.unity.visualscripting@1.7.8\Editor\VisualScripting.Core\Dependencies\DotNetZip\Unity.VisualScripting.IonicZip.dll
Native extension for WindowsStandalone target not found
Native extension for Android target not found
Native extension for WebGL target not found
Refreshing native plugins compatible for Editor in 0.71 ms, found 3 plugins.
Preloading 0 native plugins for Editor in 0.00 ms.
Mono: successfully reloaded assembly
- Completed reload, in  1.146 seconds
Domain Reload Profiling:
	ReloadAssembly (1146ms)
		BeginReloadAssembly (158ms)
			ExecutionOrderSort (0ms)
			DisableScriptedObjects (7ms)
			BackupInstance (0ms)
			ReleaseScriptingObjects (0ms)
			CreateAndSetChildDomain (38ms)
		EndReloadAssembly (872ms)
			LoadAssemblies (107ms)
			RebuildTransferFunctionScriptingTraits (0ms)
			SetupTypeCache (285ms)
			ReleaseScriptCaches (1ms)
			RebuildScriptCaches (47ms)
			SetupLoadedEditorAssemblies (397ms)
				LogAssemblyErrors (0ms)
				InitializePlatformSupportModulesInManaged (24ms)
				SetLoadedEditorAssemblies (1ms)
				RefreshPlugins (1ms)
				BeforeProcessingInitializeOnLoad (65ms)
				ProcessInitializeOnLoadAttributes (266ms)
				ProcessInitializeOnLoadMethodAttributes (32ms)
				AfterProcessingInitializeOnLoad (8ms)
				EditorAssembliesLoaded (0ms)
			ExecutionOrderSort2 (0ms)
			AwakeInstancesAfterBackupRestoration (8ms)
Platform modules already initialized, skipping
Refreshing native plugins compatible for Editor in 1.74 ms, found 3 plugins.
Preloading 0 native plugins for Editor in 0.00 ms.
Unloading 3699 Unused Serialized files (Serialized files now loaded: 0)
Unloading 26 unused Assets / (15.7 MB). Loaded Objects now: 4232.
Memory consumption went from 169.2 MB to 153.5 MB.
Total: 4.102500 ms (FindLiveObjects: 0.382100 ms CreateObjectMapping: 0.108600 ms MarkObjects: 2.509200 ms  DeleteObjects: 1.101600 ms)

AssetImportParameters requested are different than current active one (requested -> active):
  custom:video-decoder-ogg-theora: a1e56fd34408186e4bbccfd4996cb3dc -> 
  custom:container-muxer-webm: aa71ff27fc2769a1b78a27578f13a17b -> 
  custom:container-demuxer-webm: 4f35f7cbe854078d1ac9338744f61a02 -> 
  custom:video-encoder-webm-vp8: eb34c28f22e8b96e1ab97ce403110664 -> 
  custom:audio-encoder-webm-vorbis: bf7c407c2cedff20999df2af8eb42d56 -> 
  custom:framework-win-MediaFoundation: 216162199b28c13a410421893ffa2e32 -> 
  custom:container-demuxer-ogg: 62fdf1f143b41e24485cea50d1cbac27 -> 
  custom:video-decoder-webm-vp8: 9c59270c3fd7afecdb556c50c9e8de78 -> 
  custom:audio-decoder-ogg-vorbis: bf7c407c2cedff20999df2af8eb42d56 -> 
========================================================================
Received Prepare
Registering precompiled user dll's ...
Registered in 0.004479 seconds.
Begin MonoManager ReloadAssembly
Symbol file LoadedFromMemory doesn't match image D:\Bear-to-beers\Bear to beers\Library\PackageCache\com.unity.visualscripting@1.7.8\Editor\VisualScripting.Core\Dependencies\YamlDotNet\Unity.VisualScripting.YamlDotNet.dll
Symbol file LoadedFromMemory doesn't match image D:\Bear-to-beers\Bear to beers\Library\PackageCache\com.unity.visualscripting@1.7.8\Editor\VisualScripting.Core\Dependencies\DotNetZip\Unity.VisualScripting.IonicZip.dll
Native extension for WindowsStandalone target not found
Native extension for Android target not found
Native extension for WebGL target not found
Refreshing native plugins compatible for Editor in 0.76 ms, found 3 plugins.
Preloading 0 native plugins for Editor in 0.00 ms.
Mono: successfully reloaded assembly
- Completed reload, in  1.127 seconds
Domain Reload Profiling:
	ReloadAssembly (1127ms)
		BeginReloadAssembly (139ms)
			ExecutionOrderSort (0ms)
			DisableScriptedObjects (6ms)
			BackupInstance (0ms)
			ReleaseScriptingObjects (0ms)
			CreateAndSetChildDomain (33ms)
		EndReloadAssembly (873ms)
			LoadAssemblies (97ms)
			RebuildTransferFunctionScriptingTraits (0ms)
			SetupTypeCache (296ms)
			ReleaseScriptCaches (1ms)
			RebuildScriptCaches (43ms)
			SetupLoadedEditorAssemblies (394ms)
				LogAssemblyErrors (0ms)
				InitializePlatformSupportModulesInManaged (24ms)
				SetLoadedEditorAssemblies (1ms)
				RefreshPlugins (1ms)
				BeforeProcessingInitializeOnLoad (65ms)
				ProcessInitializeOnLoadAttributes (265ms)
				ProcessInitializeOnLoadMethodAttributes (32ms)
				AfterProcessingInitializeOnLoad (7ms)
				EditorAssembliesLoaded (0ms)
			ExecutionOrderSort2 (0ms)
			AwakeInstancesAfterBackupRestoration (7ms)
Platform modules already initialized, skipping
Refreshing native plugins compatible for Editor in 1.97 ms, found 3 plugins.
Preloading 0 native plugins for Editor in 0.00 ms.
Unloading 3700 Unused Serialized files (Serialized files now loaded: 0)
Unloading 26 unused Assets / (15.7 MB). Loaded Objects now: 4236.
Memory consumption went from 169.2 MB to 153.6 MB.
Total: 4.201200 ms (FindLiveObjects: 0.376900 ms CreateObjectMapping: 0.097000 ms MarkObjects: 2.522400 ms  DeleteObjects: 1.204000 ms)

AssetImportParameters requested are different than current active one (requested -> active):
  custom:video-decoder-ogg-theora: a1e56fd34408186e4bbccfd4996cb3dc -> 
  custom:container-muxer-webm: aa71ff27fc2769a1b78a27578f13a17b -> 
  custom:container-demuxer-webm: 4f35f7cbe854078d1ac9338744f61a02 -> 
  custom:video-encoder-webm-vp8: eb34c28f22e8b96e1ab97ce403110664 -> 
  custom:audio-encoder-webm-vorbis: bf7c407c2cedff20999df2af8eb42d56 -> 
  custom:framework-win-MediaFoundation: 216162199b28c13a410421893ffa2e32 -> 
  custom:container-demuxer-ogg: 62fdf1f143b41e24485cea50d1cbac27 -> 
  custom:video-decoder-webm-vp8: 9c59270c3fd7afecdb556c50c9e8de78 -> 
  custom:audio-decoder-ogg-vorbis: bf7c407c2cedff20999df2af8eb42d56 -> 
========================================================================
Received Prepare
Registering precompiled user dll's ...
Registered in 0.004511 seconds.
Begin MonoManager ReloadAssembly
Symbol file LoadedFromMemory doesn't match image D:\Bear-to-beers\Bear to beers\Library\PackageCache\com.unity.visualscripting@1.7.8\Editor\VisualScripting.Core\Dependencies\YamlDotNet\Unity.VisualScripting.YamlDotNet.dll
Symbol file LoadedFromMemory doesn't match image D:\Bear-to-beers\Bear to beers\Library\PackageCache\com.unity.visualscripting@1.7.8\Editor\VisualScripting.Core\Dependencies\DotNetZip\Unity.VisualScripting.IonicZip.dll
Native extension for WindowsStandalone target not found
Native extension for Android target not found
Native extension for WebGL target not found
Refreshing native plugins compatible for Editor in 0.76 ms, found 3 plugins.
Preloading 0 native plugins for Editor in 0.00 ms.
Mono: successfully reloaded assembly
- Completed reload, in  1.127 seconds
Domain Reload Profiling:
	ReloadAssembly (1128ms)
		BeginReloadAssembly (150ms)
			ExecutionOrderSort (0ms)
			DisableScriptedObjects (6ms)
			BackupInstance (0ms)
			ReleaseScriptingObjects (0ms)
			CreateAndSetChildDomain (36ms)
		EndReloadAssembly (862ms)
			LoadAssemblies (100ms)
			RebuildTransferFunctionScriptingTraits (0ms)
			SetupTypeCache (281ms)
			ReleaseScriptCaches (1ms)
			RebuildScriptCaches (43ms)
			SetupLoadedEditorAssemblies (397ms)
				LogAssemblyErrors (0ms)
				InitializePlatformSupportModulesInManaged (24ms)
				SetLoadedEditorAssemblies (1ms)
				RefreshPlugins (1ms)
				BeforeProcessingInitializeOnLoad (65ms)
				ProcessInitializeOnLoadAttributes (268ms)
				ProcessInitializeOnLoadMethodAttributes (31ms)
				AfterProcessingInitializeOnLoad (7ms)
				EditorAssembliesLoaded (0ms)
			ExecutionOrderSort2 (0ms)
			AwakeInstancesAfterBackupRestoration (7ms)
Platform modules already initialized, skipping
Refreshing native plugins compatible for Editor in 1.80 ms, found 3 plugins.
Preloading 0 native plugins for Editor in 0.00 ms.
Unloading 3700 Unused Serialized files (Serialized files now loaded: 0)
Unloading 26 unused Assets / (15.7 MB). Loaded Objects now: 4239.
Memory consumption went from 169.3 MB to 153.6 MB.
Total: 4.197700 ms (FindLiveObjects: 0.378700 ms CreateObjectMapping: 0.107200 ms MarkObjects: 2.527600 ms  DeleteObjects: 1.182900 ms)

AssetImportParameters requested are different than current active one (requested -> active):
  custom:video-decoder-ogg-theora: a1e56fd34408186e4bbccfd4996cb3dc -> 
  custom:container-muxer-webm: aa71ff27fc2769a1b78a27578f13a17b -> 
  custom:container-demuxer-webm: 4f35f7cbe854078d1ac9338744f61a02 -> 
  custom:video-encoder-webm-vp8: eb34c28f22e8b96e1ab97ce403110664 -> 
  custom:audio-encoder-webm-vorbis: bf7c407c2cedff20999df2af8eb42d56 -> 
  custom:framework-win-MediaFoundation: 216162199b28c13a410421893ffa2e32 -> 
  custom:container-demuxer-ogg: 62fdf1f143b41e24485cea50d1cbac27 -> 
  custom:video-decoder-webm-vp8: 9c59270c3fd7afecdb556c50c9e8de78 -> 
  custom:audio-decoder-ogg-vorbis: bf7c407c2cedff20999df2af8eb42d56 -> 
