Using pre-set license
Built from '2021.3/staging' branch; Version is '2021.3.13f1 (9e7d58001ecf) revision 10386776'; Using compiler version '192829333'; Build Type 'Release'
OS: 'Windows 10  (10.0.19045) 64bit Education' Language: 'fr' Physical Memory: 65205 MB
BatchMode: 1, IsHumanControllingUs: 0, StartBugReporterOnCrash: 0, Is64bit: 1, IsPro: 1

COMMAND LINE ARGUMENTS:
C:\Program Files\Unity\Hub\2021.3.13f1\Editor\Unity.exe
-adb2
-batchMode
-noUpm
-name
AssetImportWorker4
-projectPath
D:/Bear-to-beers/Bear to beers
-logFile
Logs/AssetImportWorker4.log
-srvPort
60143
Successfully changed project path to: D:/Bear-to-beers/Bear to beers
D:/Bear-to-beers/Bear to beers
[UnityMemory] Configuration Parameters - Can be set up in boot.config
    "memorysetup-bucket-allocator-granularity=16"
    "memorysetup-bucket-allocator-bucket-count=8"
    "memorysetup-bucket-allocator-block-size=33554432"
    "memorysetup-bucket-allocator-block-count=8"
    "memorysetup-main-allocator-block-size=16777216"
    "memorysetup-thread-allocator-block-size=16777216"
    "memorysetup-gfx-main-allocator-block-size=16777216"
    "memorysetup-gfx-thread-allocator-block-size=16777216"
    "memorysetup-cache-allocator-block-size=4194304"
    "memorysetup-typetree-allocator-block-size=2097152"
    "memorysetup-profiler-bucket-allocator-granularity=16"
    "memorysetup-profiler-bucket-allocator-bucket-count=8"
    "memorysetup-profiler-bucket-allocator-block-size=33554432"
    "memorysetup-profiler-bucket-allocator-block-count=8"
    "memorysetup-profiler-allocator-block-size=16777216"
    "memorysetup-profiler-editor-allocator-block-size=1048576"
    "memorysetup-temp-allocator-size-main=16777216"
    "memorysetup-job-temp-allocator-block-size=2097152"
    "memorysetup-job-temp-allocator-block-size-background=1048576"
    "memorysetup-job-temp-allocator-reduction-small-platforms=262144"
    "memorysetup-temp-allocator-size-background-worker=32768"
    "memorysetup-temp-allocator-size-job-worker=262144"
    "memorysetup-temp-allocator-size-preload-manager=33554432"
    "memorysetup-temp-allocator-size-nav-mesh-worker=65536"
    "memorysetup-temp-allocator-size-audio-worker=65536"
    "memorysetup-temp-allocator-size-cloud-worker=32768"
    "memorysetup-temp-allocator-size-gi-baking-worker=262144"
    "memorysetup-temp-allocator-size-gfx=262144"
Refreshing native plugins compatible for Editor in 110.10 ms, found 3 plugins.
Preloading 0 native plugins for Editor in 0.00 ms.
Initialize engine version: 2021.3.13f1 (9e7d58001ecf)
[Subsystems] Discovering subsystems at path C:/Program Files/Unity/Hub/2021.3.13f1/Editor/Data/Resources/UnitySubsystems
[Subsystems] Discovering subsystems at path D:/Bear-to-beers/Bear to beers/Assets
GfxDevice: creating device client; threaded=0; jobified=0
Direct3D:
    Version:  Direct3D 11.0 [level 11.1]
    Renderer: Intel(R) UHD Graphics 770 (ID=0x4680)
    Vendor:   Intel
    VRAM:     32602 MB
    Driver:   31.0.101.3358
Initialize mono
Mono path[0] = 'C:/Program Files/Unity/Hub/2021.3.13f1/Editor/Data/Managed'
Mono path[1] = 'C:/Program Files/Unity/Hub/2021.3.13f1/Editor/Data/MonoBleedingEdge/lib/mono/unityjit-win32'
Mono config path = 'C:/Program Files/Unity/Hub/2021.3.13f1/Editor/Data/MonoBleedingEdge/etc'
Using monoOptions --debugger-agent=transport=dt_socket,embedding=1,server=y,suspend=n,address=127.0.0.1:56820
Begin MonoManager ReloadAssembly
Registering precompiled unity dll's ...
Register platform support module: C:/Program Files/Unity/Hub/2021.3.13f1/Editor/Data/PlaybackEngines/WebGLSupport/UnityEditor.WebGL.Extensions.dll
Register platform support module: C:/Program Files/Unity/Hub/2021.3.13f1/Editor/Data/PlaybackEngines/AndroidPlayer/UnityEditor.Android.Extensions.dll
Register platform support module: C:/Program Files/Unity/Hub/2021.3.13f1/Editor/Data/PlaybackEngines/WindowsStandaloneSupport/UnityEditor.WindowsStandalone.Extensions.dll
Registered in 0.007789 seconds.
Native extension for WindowsStandalone target not found
Native extension for Android target not found
Native extension for WebGL target not found
Refreshing native plugins compatible for Editor in 87.56 ms, found 3 plugins.
Preloading 0 native plugins for Editor in 0.00 ms.
Mono: successfully reloaded assembly
- Completed reload, in  0.745 seconds
Domain Reload Profiling:
	ReloadAssembly (745ms)
		BeginReloadAssembly (93ms)
			ExecutionOrderSort (0ms)
			DisableScriptedObjects (0ms)
			BackupInstance (0ms)
			ReleaseScriptingObjects (0ms)
			CreateAndSetChildDomain (1ms)
		EndReloadAssembly (530ms)
			LoadAssemblies (91ms)
			RebuildTransferFunctionScriptingTraits (0ms)
			SetupTypeCache (121ms)
			ReleaseScriptCaches (0ms)
			RebuildScriptCaches (31ms)
			SetupLoadedEditorAssemblies (317ms)
				LogAssemblyErrors (0ms)
				InitializePlatformSupportModulesInManaged (50ms)
				SetLoadedEditorAssemblies (0ms)
				RefreshPlugins (88ms)
				BeforeProcessingInitializeOnLoad (1ms)
				ProcessInitializeOnLoadAttributes (129ms)
				ProcessInitializeOnLoadMethodAttributes (49ms)
				AfterProcessingInitializeOnLoad (0ms)
				EditorAssembliesLoaded (0ms)
			ExecutionOrderSort2 (0ms)
			AwakeInstancesAfterBackupRestoration (0ms)
Platform modules already initialized, skipping
Registering precompiled user dll's ...
Registered in 0.005453 seconds.
Begin MonoManager ReloadAssembly
Symbol file LoadedFromMemory doesn't match image D:\Bear-to-beers\Bear to beers\Library\PackageCache\com.unity.visualscripting@1.7.8\Editor\VisualScripting.Core\Dependencies\YamlDotNet\Unity.VisualScripting.YamlDotNet.dll
Symbol file LoadedFromMemory doesn't match image D:\Bear-to-beers\Bear to beers\Library\PackageCache\com.unity.visualscripting@1.7.8\Editor\VisualScripting.Core\Dependencies\DotNetZip\Unity.VisualScripting.IonicZip.dll
Native extension for WindowsStandalone target not found
Native extension for Android target not found
Native extension for WebGL target not found
Refreshing native plugins compatible for Editor in 89.37 ms, found 3 plugins.
Preloading 0 native plugins for Editor in 0.00 ms.
Mono: successfully reloaded assembly
- Completed reload, in  1.260 seconds
Domain Reload Profiling:
	ReloadAssembly (1261ms)
		BeginReloadAssembly (94ms)
			ExecutionOrderSort (0ms)
			DisableScriptedObjects (6ms)
			BackupInstance (0ms)
			ReleaseScriptingObjects (0ms)
			CreateAndSetChildDomain (19ms)
		EndReloadAssembly (1037ms)
			LoadAssemblies (66ms)
			RebuildTransferFunctionScriptingTraits (0ms)
			SetupTypeCache (299ms)
			ReleaseScriptCaches (1ms)
			RebuildScriptCaches (61ms)
			SetupLoadedEditorAssemblies (542ms)
				LogAssemblyErrors (0ms)
				InitializePlatformSupportModulesInManaged (16ms)
				SetLoadedEditorAssemblies (0ms)
				RefreshPlugins (89ms)
				BeforeProcessingInitializeOnLoad (91ms)
				ProcessInitializeOnLoadAttributes (311ms)
				ProcessInitializeOnLoadMethodAttributes (28ms)
				AfterProcessingInitializeOnLoad (7ms)
				EditorAssembliesLoaded (0ms)
			ExecutionOrderSort2 (0ms)
			AwakeInstancesAfterBackupRestoration (7ms)
Platform modules already initialized, skipping
========================================================================
Worker process is ready to serve import requests
Launched and connected shader compiler UnityShaderCompiler.exe after 0.04 seconds
Refreshing native plugins compatible for Editor in 0.39 ms, found 3 plugins.
Preloading 0 native plugins for Editor in 0.00 ms.
Unloading 3697 Unused Serialized files (Serialized files now loaded: 0)
Unloading 28 unused Assets / (56.5 KB). Loaded Objects now: 4177.
Memory consumption went from 143.2 MB to 143.1 MB.
Total: 2.227200 ms (FindLiveObjects: 0.177700 ms CreateObjectMapping: 0.078900 ms MarkObjects: 1.913300 ms  DeleteObjects: 0.056500 ms)

AssetImportParameters requested are different than current active one (requested -> active):
  custom:video-decoder-ogg-theora: a1e56fd34408186e4bbccfd4996cb3dc -> 
  custom:container-muxer-webm: aa71ff27fc2769a1b78a27578f13a17b -> 
  custom:container-demuxer-webm: 4f35f7cbe854078d1ac9338744f61a02 -> 
  custom:video-encoder-webm-vp8: eb34c28f22e8b96e1ab97ce403110664 -> 
  custom:audio-encoder-webm-vorbis: bf7c407c2cedff20999df2af8eb42d56 -> 
  custom:framework-win-MediaFoundation: 216162199b28c13a410421893ffa2e32 -> 
  custom:container-demuxer-ogg: 62fdf1f143b41e24485cea50d1cbac27 -> 
  custom:video-decoder-webm-vp8: 9c59270c3fd7afecdb556c50c9e8de78 -> 
  custom:audio-decoder-ogg-vorbis: bf7c407c2cedff20999df2af8eb42d56 -> 
========================================================================
Received Import Request.
  Time since last request: 5295.958841 seconds.
  path: Assets/Maps/Toby Fredson/Rocky Hills Environment - Light Pack/Materials/RHEF_Cave.mat
  artifactKey: Guid(a1ecfe9351629e545834c8caa2156f46) Importer(815301076,1909f56bfc062723c751e8b465ee728b)
Start importing Assets/Maps/Toby Fredson/Rocky Hills Environment - Light Pack/Materials/RHEF_Cave.mat using Guid(a1ecfe9351629e545834c8caa2156f46) Importer(815301076,1909f56bfc062723c751e8b465ee728b)  -> (artifact id: '09a03b126c8b7d2a10abd5a1a1ef5598') in 1.379221 seconds 
========================================================================
Received Import Request.
  Time since last request: 4.741149 seconds.
  path: Assets/Maps/Toby Fredson/Rocky Hills Environment - Light Pack/Legacy Project/MRL_Generic Cliff 1
  artifactKey: Guid(7b9e7a80e16aab84b9506da8f0b64bdd) Importer(815301076,1909f56bfc062723c751e8b465ee728b)
Start importing Assets/Maps/Toby Fredson/Rocky Hills Environment - Light Pack/Legacy Project/MRL_Generic Cliff 1 using Guid(7b9e7a80e16aab84b9506da8f0b64bdd) Importer(815301076,1909f56bfc062723c751e8b465ee728b)  -> (artifact id: '8c3df59d9106bd55696d2177180fbe8e') in 0.010887 seconds 
========================================================================
Received Import Request.
  Time since last request: 0.061558 seconds.
  path: Assets/Maps/Toby Fredson/Rocky Hills Environment - Light Pack/Legacy Project/MRL_Generic Cliff 1/MRL_Generic Cliff 1.prefab
  artifactKey: Guid(31be2562b898f1f47b143cf0c057a885) Importer(815301076,1909f56bfc062723c751e8b465ee728b)
Start importing Assets/Maps/Toby Fredson/Rocky Hills Environment - Light Pack/Legacy Project/MRL_Generic Cliff 1/MRL_Generic Cliff 1.prefab using Guid(31be2562b898f1f47b143cf0c057a885) Importer(815301076,1909f56bfc062723c751e8b465ee728b)  -> (artifact id: 'ed73f093387933f0f39fe85a04df4e09') in 0.188459 seconds 
========================================================================
Received Import Request.
  Time since last request: 2.207352 seconds.
  path: Assets/Maps/Toby Fredson/Rocky Hills Environment - Light Pack/Legacy Project/MRL_Generic Cliff 1/Materials
  artifactKey: Guid(e7ae5f8e31a2f894ab77f1e44489bcbe) Importer(815301076,1909f56bfc062723c751e8b465ee728b)
Start importing Assets/Maps/Toby Fredson/Rocky Hills Environment - Light Pack/Legacy Project/MRL_Generic Cliff 1/Materials using Guid(e7ae5f8e31a2f894ab77f1e44489bcbe) Importer(815301076,1909f56bfc062723c751e8b465ee728b)  -> (artifact id: 'f3dce028f66506b3e0c6f617d157cb62') in 0.009625 seconds 
========================================================================
Received Import Request.
  Time since last request: 0.030673 seconds.
  path: Assets/Maps/Toby Fredson/Rocky Hills Environment - Light Pack/Legacy Project/MRL_Generic Cliff 1/Materials/MRL_Generic Cliff.mat
  artifactKey: Guid(644e9cb1701065b498fd7c53bb20793c) Importer(815301076,1909f56bfc062723c751e8b465ee728b)
Start importing Assets/Maps/Toby Fredson/Rocky Hills Environment - Light Pack/Legacy Project/MRL_Generic Cliff 1/Materials/MRL_Generic Cliff.mat using Guid(644e9cb1701065b498fd7c53bb20793c) Importer(815301076,1909f56bfc062723c751e8b465ee728b)  -> (artifact id: 'b9d7d01259e6f4f533bba1961627e802') in 0.014045 seconds 
========================================================================
Received Import Request.
  Time since last request: 10.417677 seconds.
  path: Assets/Maps/Toby Fredson/Rocky Hills Environment - Light Pack/Materials
  artifactKey: Guid(d1da346ff8d4fe148b94e7584f4f8753) Importer(815301076,1909f56bfc062723c751e8b465ee728b)
Start importing Assets/Maps/Toby Fredson/Rocky Hills Environment - Light Pack/Materials using Guid(d1da346ff8d4fe148b94e7584f4f8753) Importer(815301076,1909f56bfc062723c751e8b465ee728b)  -> (artifact id: 'dca5653d06e2515e93fc3cf0e7d84cf0') in 0.001594 seconds 
========================================================================
Received Import Request.
  Time since last request: 2.100228 seconds.
  path: Assets/Maps/Toby Fredson/Rocky Hills Environment - Light Pack/Models
  artifactKey: Guid(ab5ce409e291b8e45915f292e31c4abd) Importer(815301076,1909f56bfc062723c751e8b465ee728b)
Start importing Assets/Maps/Toby Fredson/Rocky Hills Environment - Light Pack/Models using Guid(ab5ce409e291b8e45915f292e31c4abd) Importer(815301076,1909f56bfc062723c751e8b465ee728b)  -> (artifact id: '5d133e1a61059fe7a1cdb1161dc65a92') in 0.007619 seconds 
========================================================================
Received Import Request.
  Time since last request: 1.912014 seconds.
  path: Assets/Maps/Toby Fredson/Rocky Hills Environment - Light Pack/Normals
  artifactKey: Guid(0953ccdf4ce063e409347019cff43da7) Importer(815301076,1909f56bfc062723c751e8b465ee728b)
Start importing Assets/Maps/Toby Fredson/Rocky Hills Environment - Light Pack/Normals using Guid(0953ccdf4ce063e409347019cff43da7) Importer(815301076,1909f56bfc062723c751e8b465ee728b)  -> (artifact id: '51b2242266f41128fda9260a5fda88d5') in 0.009235 seconds 
========================================================================
Received Import Request.
  Time since last request: 2.656609 seconds.
  path: Assets/Maps/Toby Fredson/Rocky Hills Environment - Light Pack/Prefabs
  artifactKey: Guid(927db1f5977f7a04693e6965fd3463d6) Importer(815301076,1909f56bfc062723c751e8b465ee728b)
Start importing Assets/Maps/Toby Fredson/Rocky Hills Environment - Light Pack/Prefabs using Guid(927db1f5977f7a04693e6965fd3463d6) Importer(815301076,1909f56bfc062723c751e8b465ee728b)  -> (artifact id: '662a79592ecc11ea6c50e17cc3dcd2ed') in 0.001664 seconds 
========================================================================
Received Import Request.
  Time since last request: 0.069050 seconds.
  path: Assets/Maps/Toby Fredson/Rocky Hills Environment - Light Pack/Prefabs/RHEF_Cave.prefab
  artifactKey: Guid(e318266f60803d548a4b409b52b39d8d) Importer(815301076,1909f56bfc062723c751e8b465ee728b)
Start importing Assets/Maps/Toby Fredson/Rocky Hills Environment - Light Pack/Prefabs/RHEF_Cave.prefab using Guid(e318266f60803d548a4b409b52b39d8d) Importer(815301076,1909f56bfc062723c751e8b465ee728b)  -> (artifact id: 'e41a05976171545dbc613c33dfe547b6') in 0.177680 seconds 
========================================================================
Received Import Request.
  Time since last request: 0.000044 seconds.
  path: Assets/Maps/Toby Fredson/Rocky Hills Environment - Light Pack/Prefabs/RHEF_SpruceC.prefab
  artifactKey: Guid(2f54179bb3d458c4f8d350eba0f6856f) Importer(815301076,1909f56bfc062723c751e8b465ee728b)
Start importing Assets/Maps/Toby Fredson/Rocky Hills Environment - Light Pack/Prefabs/RHEF_SpruceC.prefab using Guid(2f54179bb3d458c4f8d350eba0f6856f) Importer(815301076,1909f56bfc062723c751e8b465ee728b)  -> (artifact id: '6f3b53b7d9c1b80ace9582a74ed179a6') in 0.844096 seconds 
========================================================================
Received Import Request.
  Time since last request: 4.094936 seconds.
  path: Assets/Maps/Toby Fredson/Rocky Hills Environment - Light Pack/Prefabs/Prefabs Mobile
  artifactKey: Guid(75c2f606ce5685c4e9b64bedd4768fa2) Importer(815301076,1909f56bfc062723c751e8b465ee728b)
Start importing Assets/Maps/Toby Fredson/Rocky Hills Environment - Light Pack/Prefabs/Prefabs Mobile using Guid(75c2f606ce5685c4e9b64bedd4768fa2) Importer(815301076,1909f56bfc062723c751e8b465ee728b)  -> (artifact id: 'e127d9bb64d4ffb17f7901f251fc3152') in 0.009282 seconds 
========================================================================
Received Import Request.
  Time since last request: 3.526960 seconds.
  path: Assets/Maps/Toby Fredson/Rocky Hills Environment - Light Pack/Textures
  artifactKey: Guid(ad5f705a908b7374fb6af1939bc545ec) Importer(815301076,1909f56bfc062723c751e8b465ee728b)
Start importing Assets/Maps/Toby Fredson/Rocky Hills Environment - Light Pack/Textures using Guid(ad5f705a908b7374fb6af1939bc545ec) Importer(815301076,1909f56bfc062723c751e8b465ee728b)  -> (artifact id: 'f97d90af0b66c85a4caa524317984e50') in 0.007840 seconds 
========================================================================
Received Import Request.
  Time since last request: 0.071558 seconds.
  path: Assets/Maps/Toby Fredson/Rocky Hills Environment - Light Pack/Textures/MRLFGenericRockGrass_Albedo.png
  artifactKey: Guid(7193a6787ada0c749b5388d7b75a3c07) Importer(815301076,1909f56bfc062723c751e8b465ee728b)
Start importing Assets/Maps/Toby Fredson/Rocky Hills Environment - Light Pack/Textures/MRLFGenericRockGrass_Albedo.png using Guid(7193a6787ada0c749b5388d7b75a3c07) Importer(815301076,1909f56bfc062723c751e8b465ee728b)  -> (artifact id: 'c36b2b5754c026c7e900264450740abc') in 0.050670 seconds 
========================================================================
Received Import Request.
  Time since last request: 0.000024 seconds.
  path: Assets/Maps/Toby Fredson/Rocky Hills Environment - Light Pack/Textures/RHEFCaveTop_Diffuse.png
  artifactKey: Guid(cfb64e1a500bb644eaf3695fc103dee6) Importer(815301076,1909f56bfc062723c751e8b465ee728b)
Start importing Assets/Maps/Toby Fredson/Rocky Hills Environment - Light Pack/Textures/RHEFCaveTop_Diffuse.png using Guid(cfb64e1a500bb644eaf3695fc103dee6) Importer(815301076,1909f56bfc062723c751e8b465ee728b)  -> (artifact id: '922eebbdea24275822e89ca002b18ec8') in 0.019569 seconds 
========================================================================
Received Import Request.
  Time since last request: 0.000029 seconds.
  path: Assets/Maps/Toby Fredson/Rocky Hills Environment - Light Pack/Textures/MRLGenericGrass_Diffuse.png
  artifactKey: Guid(7a65ad496b392f04c930c675e446e935) Importer(815301076,1909f56bfc062723c751e8b465ee728b)
Start importing Assets/Maps/Toby Fredson/Rocky Hills Environment - Light Pack/Textures/MRLGenericGrass_Diffuse.png using Guid(7a65ad496b392f04c930c675e446e935) Importer(815301076,1909f56bfc062723c751e8b465ee728b)  -> (artifact id: 'efc9ffdffd0bc30f9645860c042e58a3') in 0.040988 seconds 
========================================================================
Received Import Request.
  Time since last request: 0.000035 seconds.
  path: Assets/Maps/Toby Fredson/Rocky Hills Environment - Light Pack/Textures/SpruceTrunk_Albedo.png
  artifactKey: Guid(699fd2cba0237e24f8c475f4b3f385f9) Importer(815301076,1909f56bfc062723c751e8b465ee728b)
Start importing Assets/Maps/Toby Fredson/Rocky Hills Environment - Light Pack/Textures/SpruceTrunk_Albedo.png using Guid(699fd2cba0237e24f8c475f4b3f385f9) Importer(815301076,1909f56bfc062723c751e8b465ee728b)  -> (artifact id: '15a3836a1c1928d47acf5af74e1f946b') in 0.034957 seconds 
========================================================================
Received Import Request.
  Time since last request: 0.000742 seconds.
  path: Assets/Maps/Toby Fredson/Rocky Hills Environment - Light Pack/Textures/MRLRockMediumAO.png
  artifactKey: Guid(c52a51cae2999eb4db1bb71f3ff30ced) Importer(815301076,1909f56bfc062723c751e8b465ee728b)
Start importing Assets/Maps/Toby Fredson/Rocky Hills Environment - Light Pack/Textures/MRLRockMediumAO.png using Guid(c52a51cae2999eb4db1bb71f3ff30ced) Importer(815301076,1909f56bfc062723c751e8b465ee728b)  -> (artifact id: 'c642297ceae52b5d17ab8da7fcd04121') in 0.035126 seconds 
========================================================================
Received Import Request.
  Time since last request: 0.000180 seconds.
  path: Assets/Maps/Toby Fredson/Rocky Hills Environment - Light Pack/Textures/RHEFCave_Specular.tif
  artifactKey: Guid(eb687a1778c19d945a40c5816272c1b0) Importer(815301076,1909f56bfc062723c751e8b465ee728b)
Start importing Assets/Maps/Toby Fredson/Rocky Hills Environment - Light Pack/Textures/RHEFCave_Specular.tif using Guid(eb687a1778c19d945a40c5816272c1b0) Importer(815301076,1909f56bfc062723c751e8b465ee728b)  -> (artifact id: '6c2d8e757eaac0186ffea92509f2a766') in 0.034411 seconds 
========================================================================
Received Import Request.
  Time since last request: 0.000024 seconds.
  path: Assets/Maps/Toby Fredson/Rocky Hills Environment - Light Pack/Textures/SpruceTrunk_Diffuse.png
  artifactKey: Guid(8e31fbe55c8ce8e4582bda011296cdab) Importer(815301076,1909f56bfc062723c751e8b465ee728b)
Start importing Assets/Maps/Toby Fredson/Rocky Hills Environment - Light Pack/Textures/SpruceTrunk_Diffuse.png using Guid(8e31fbe55c8ce8e4582bda011296cdab) Importer(815301076,1909f56bfc062723c751e8b465ee728b)  -> (artifact id: 'af4634931a1f6d162d96eb8f847efb74') in 0.023185 seconds 
========================================================================
Received Import Request.
  Time since last request: 0.000024 seconds.
  path: Assets/Maps/Toby Fredson/Rocky Hills Environment - Light Pack/Textures/RHEFGenericCliffA_Specular.tif
  artifactKey: Guid(2c802448d2858ff49b53bdbf08e114f1) Importer(815301076,1909f56bfc062723c751e8b465ee728b)
Start importing Assets/Maps/Toby Fredson/Rocky Hills Environment - Light Pack/Textures/RHEFGenericCliffA_Specular.tif using Guid(2c802448d2858ff49b53bdbf08e114f1) Importer(815301076,1909f56bfc062723c751e8b465ee728b)  -> (artifact id: '2e3c17a3bc864a33ab0858295065130d') in 0.027290 seconds 
========================================================================
Received Import Request.
  Time since last request: 0.000029 seconds.
  path: Assets/Maps/Toby Fredson/Rocky Hills Environment - Light Pack/Textures/RHEFCave_Diffuse.png
  artifactKey: Guid(3deed20a70d7cb94fb39b9e13d57f613) Importer(815301076,1909f56bfc062723c751e8b465ee728b)
Start importing Assets/Maps/Toby Fredson/Rocky Hills Environment - Light Pack/Textures/RHEFCave_Diffuse.png using Guid(3deed20a70d7cb94fb39b9e13d57f613) Importer(815301076,1909f56bfc062723c751e8b465ee728b)  -> (artifact id: 'abcdd1d9a03e2acd93db5c2a4acaefbe') in 0.039255 seconds 
========================================================================
Received Prepare
Registering precompiled user dll's ...
Registered in 0.005812 seconds.
Begin MonoManager ReloadAssembly
Symbol file LoadedFromMemory doesn't match image D:\Bear-to-beers\Bear to beers\Library\PackageCache\com.unity.visualscripting@1.7.8\Editor\VisualScripting.Core\Dependencies\YamlDotNet\Unity.VisualScripting.YamlDotNet.dll
Symbol file LoadedFromMemory doesn't match image D:\Bear-to-beers\Bear to beers\Library\PackageCache\com.unity.visualscripting@1.7.8\Editor\VisualScripting.Core\Dependencies\DotNetZip\Unity.VisualScripting.IonicZip.dll
Native extension for WindowsStandalone target not found
Native extension for Android target not found
Native extension for WebGL target not found
Refreshing native plugins compatible for Editor in 0.71 ms, found 3 plugins.
Preloading 0 native plugins for Editor in 0.00 ms.
Mono: successfully reloaded assembly
- Completed reload, in  1.180 seconds
Domain Reload Profiling:
	ReloadAssembly (1181ms)
		BeginReloadAssembly (157ms)
			ExecutionOrderSort (0ms)
			DisableScriptedObjects (5ms)
			BackupInstance (0ms)
			ReleaseScriptingObjects (0ms)
			CreateAndSetChildDomain (38ms)
		EndReloadAssembly (892ms)
			LoadAssemblies (105ms)
			RebuildTransferFunctionScriptingTraits (0ms)
			SetupTypeCache (282ms)
			ReleaseScriptCaches (1ms)
			RebuildScriptCaches (44ms)
			SetupLoadedEditorAssemblies (424ms)
				LogAssemblyErrors (0ms)
				InitializePlatformSupportModulesInManaged (24ms)
				SetLoadedEditorAssemblies (1ms)
				RefreshPlugins (1ms)
				BeforeProcessingInitializeOnLoad (65ms)
				ProcessInitializeOnLoadAttributes (290ms)
				ProcessInitializeOnLoadMethodAttributes (36ms)
				AfterProcessingInitializeOnLoad (8ms)
				EditorAssembliesLoaded (0ms)
			ExecutionOrderSort2 (0ms)
			AwakeInstancesAfterBackupRestoration (8ms)
Platform modules already initialized, skipping
Refreshing native plugins compatible for Editor in 1.81 ms, found 3 plugins.
Preloading 0 native plugins for Editor in 0.00 ms.
Unloading 3699 Unused Serialized files (Serialized files now loaded: 0)
Unloading 26 unused Assets / (15.7 MB). Loaded Objects now: 4229.
Memory consumption went from 169.2 MB to 153.5 MB.
Total: 4.082100 ms (FindLiveObjects: 0.346900 ms CreateObjectMapping: 0.103200 ms MarkObjects: 2.541800 ms  DeleteObjects: 1.089400 ms)

AssetImportParameters requested are different than current active one (requested -> active):
  custom:video-decoder-ogg-theora: a1e56fd34408186e4bbccfd4996cb3dc -> 
  custom:container-muxer-webm: aa71ff27fc2769a1b78a27578f13a17b -> 
  custom:container-demuxer-webm: 4f35f7cbe854078d1ac9338744f61a02 -> 
  custom:video-encoder-webm-vp8: eb34c28f22e8b96e1ab97ce403110664 -> 
  custom:audio-encoder-webm-vorbis: bf7c407c2cedff20999df2af8eb42d56 -> 
  custom:framework-win-MediaFoundation: 216162199b28c13a410421893ffa2e32 -> 
  custom:container-demuxer-ogg: 62fdf1f143b41e24485cea50d1cbac27 -> 
  custom:video-decoder-webm-vp8: 9c59270c3fd7afecdb556c50c9e8de78 -> 
  custom:audio-decoder-ogg-vorbis: bf7c407c2cedff20999df2af8eb42d56 -> 
========================================================================
Received Prepare
Registering precompiled user dll's ...
Registered in 0.004614 seconds.
Begin MonoManager ReloadAssembly
Symbol file LoadedFromMemory doesn't match image D:\Bear-to-beers\Bear to beers\Library\PackageCache\com.unity.visualscripting@1.7.8\Editor\VisualScripting.Core\Dependencies\YamlDotNet\Unity.VisualScripting.YamlDotNet.dll
Symbol file LoadedFromMemory doesn't match image D:\Bear-to-beers\Bear to beers\Library\PackageCache\com.unity.visualscripting@1.7.8\Editor\VisualScripting.Core\Dependencies\DotNetZip\Unity.VisualScripting.IonicZip.dll
Native extension for WindowsStandalone target not found
Native extension for Android target not found
Native extension for WebGL target not found
Refreshing native plugins compatible for Editor in 0.63 ms, found 3 plugins.
Preloading 0 native plugins for Editor in 0.00 ms.
Mono: successfully reloaded assembly
- Completed reload, in  1.146 seconds
Domain Reload Profiling:
	ReloadAssembly (1147ms)
		BeginReloadAssembly (159ms)
			ExecutionOrderSort (0ms)
			DisableScriptedObjects (7ms)
			BackupInstance (0ms)
			ReleaseScriptingObjects (0ms)
			CreateAndSetChildDomain (38ms)
		EndReloadAssembly (872ms)
			LoadAssemblies (107ms)
			RebuildTransferFunctionScriptingTraits (0ms)
			SetupTypeCache (287ms)
			ReleaseScriptCaches (1ms)
			RebuildScriptCaches (47ms)
			SetupLoadedEditorAssemblies (395ms)
				LogAssemblyErrors (0ms)
				InitializePlatformSupportModulesInManaged (24ms)
				SetLoadedEditorAssemblies (1ms)
				RefreshPlugins (1ms)
				BeforeProcessingInitializeOnLoad (65ms)
				ProcessInitializeOnLoadAttributes (266ms)
				ProcessInitializeOnLoadMethodAttributes (32ms)
				AfterProcessingInitializeOnLoad (8ms)
				EditorAssembliesLoaded (0ms)
			ExecutionOrderSort2 (0ms)
			AwakeInstancesAfterBackupRestoration (8ms)
Platform modules already initialized, skipping
Refreshing native plugins compatible for Editor in 1.88 ms, found 3 plugins.
Preloading 0 native plugins for Editor in 0.00 ms.
Unloading 3699 Unused Serialized files (Serialized files now loaded: 0)
Unloading 26 unused Assets / (15.7 MB). Loaded Objects now: 4232.
Memory consumption went from 169.2 MB to 153.5 MB.
Total: 4.666400 ms (FindLiveObjects: 0.369100 ms CreateObjectMapping: 0.096900 ms MarkObjects: 2.861000 ms  DeleteObjects: 1.338100 ms)

AssetImportParameters requested are different than current active one (requested -> active):
  custom:video-decoder-ogg-theora: a1e56fd34408186e4bbccfd4996cb3dc -> 
  custom:container-muxer-webm: aa71ff27fc2769a1b78a27578f13a17b -> 
  custom:container-demuxer-webm: 4f35f7cbe854078d1ac9338744f61a02 -> 
  custom:video-encoder-webm-vp8: eb34c28f22e8b96e1ab97ce403110664 -> 
  custom:audio-encoder-webm-vorbis: bf7c407c2cedff20999df2af8eb42d56 -> 
  custom:framework-win-MediaFoundation: 216162199b28c13a410421893ffa2e32 -> 
  custom:container-demuxer-ogg: 62fdf1f143b41e24485cea50d1cbac27 -> 
  custom:video-decoder-webm-vp8: 9c59270c3fd7afecdb556c50c9e8de78 -> 
  custom:audio-decoder-ogg-vorbis: bf7c407c2cedff20999df2af8eb42d56 -> 
========================================================================
Received Prepare
Registering precompiled user dll's ...
Registered in 0.004489 seconds.
Begin MonoManager ReloadAssembly
Symbol file LoadedFromMemory doesn't match image D:\Bear-to-beers\Bear to beers\Library\PackageCache\com.unity.visualscripting@1.7.8\Editor\VisualScripting.Core\Dependencies\YamlDotNet\Unity.VisualScripting.YamlDotNet.dll
Symbol file LoadedFromMemory doesn't match image D:\Bear-to-beers\Bear to beers\Library\PackageCache\com.unity.visualscripting@1.7.8\Editor\VisualScripting.Core\Dependencies\DotNetZip\Unity.VisualScripting.IonicZip.dll
Native extension for WindowsStandalone target not found
Native extension for Android target not found
Native extension for WebGL target not found
Refreshing native plugins compatible for Editor in 0.68 ms, found 3 plugins.
Preloading 0 native plugins for Editor in 0.00 ms.
Mono: successfully reloaded assembly
- Completed reload, in  1.134 seconds
Domain Reload Profiling:
	ReloadAssembly (1135ms)
		BeginReloadAssembly (138ms)
			ExecutionOrderSort (0ms)
			DisableScriptedObjects (6ms)
			BackupInstance (0ms)
			ReleaseScriptingObjects (0ms)
			CreateAndSetChildDomain (33ms)
		EndReloadAssembly (881ms)
			LoadAssemblies (96ms)
			RebuildTransferFunctionScriptingTraits (0ms)
			SetupTypeCache (301ms)
			ReleaseScriptCaches (1ms)
			RebuildScriptCaches (42ms)
			SetupLoadedEditorAssemblies (398ms)
				LogAssemblyErrors (0ms)
				InitializePlatformSupportModulesInManaged (24ms)
				SetLoadedEditorAssemblies (1ms)
				RefreshPlugins (1ms)
				BeforeProcessingInitializeOnLoad (65ms)
				ProcessInitializeOnLoadAttributes (268ms)
				ProcessInitializeOnLoadMethodAttributes (32ms)
				AfterProcessingInitializeOnLoad (7ms)
				EditorAssembliesLoaded (0ms)
			ExecutionOrderSort2 (0ms)
			AwakeInstancesAfterBackupRestoration (7ms)
Platform modules already initialized, skipping
Refreshing native plugins compatible for Editor in 1.80 ms, found 3 plugins.
Preloading 0 native plugins for Editor in 0.00 ms.
Unloading 3700 Unused Serialized files (Serialized files now loaded: 0)
Unloading 26 unused Assets / (15.7 MB). Loaded Objects now: 4236.
Memory consumption went from 169.2 MB to 153.6 MB.
Total: 4.248500 ms (FindLiveObjects: 0.375400 ms CreateObjectMapping: 0.097400 ms MarkObjects: 2.643500 ms  DeleteObjects: 1.131000 ms)

AssetImportParameters requested are different than current active one (requested -> active):
  custom:video-decoder-ogg-theora: a1e56fd34408186e4bbccfd4996cb3dc -> 
  custom:container-muxer-webm: aa71ff27fc2769a1b78a27578f13a17b -> 
  custom:container-demuxer-webm: 4f35f7cbe854078d1ac9338744f61a02 -> 
  custom:video-encoder-webm-vp8: eb34c28f22e8b96e1ab97ce403110664 -> 
  custom:audio-encoder-webm-vorbis: bf7c407c2cedff20999df2af8eb42d56 -> 
  custom:framework-win-MediaFoundation: 216162199b28c13a410421893ffa2e32 -> 
  custom:container-demuxer-ogg: 62fdf1f143b41e24485cea50d1cbac27 -> 
  custom:video-decoder-webm-vp8: 9c59270c3fd7afecdb556c50c9e8de78 -> 
  custom:audio-decoder-ogg-vorbis: bf7c407c2cedff20999df2af8eb42d56 -> 
========================================================================
Received Prepare
Registering precompiled user dll's ...
Registered in 0.004455 seconds.
Begin MonoManager ReloadAssembly
Symbol file LoadedFromMemory doesn't match image D:\Bear-to-beers\Bear to beers\Library\PackageCache\com.unity.visualscripting@1.7.8\Editor\VisualScripting.Core\Dependencies\YamlDotNet\Unity.VisualScripting.YamlDotNet.dll
Symbol file LoadedFromMemory doesn't match image D:\Bear-to-beers\Bear to beers\Library\PackageCache\com.unity.visualscripting@1.7.8\Editor\VisualScripting.Core\Dependencies\DotNetZip\Unity.VisualScripting.IonicZip.dll
Native extension for WindowsStandalone target not found
Native extension for Android target not found
Native extension for WebGL target not found
Refreshing native plugins compatible for Editor in 0.64 ms, found 3 plugins.
Preloading 0 native plugins for Editor in 0.00 ms.
Mono: successfully reloaded assembly
- Completed reload, in  1.131 seconds
Domain Reload Profiling:
	ReloadAssembly (1132ms)
		BeginReloadAssembly (150ms)
			ExecutionOrderSort (0ms)
			DisableScriptedObjects (6ms)
			BackupInstance (0ms)
			ReleaseScriptingObjects (0ms)
			CreateAndSetChildDomain (39ms)
		EndReloadAssembly (866ms)
			LoadAssemblies (98ms)
			RebuildTransferFunctionScriptingTraits (0ms)
			SetupTypeCache (284ms)
			ReleaseScriptCaches (1ms)
			RebuildScriptCaches (43ms)
			SetupLoadedEditorAssemblies (399ms)
				LogAssemblyErrors (0ms)
				InitializePlatformSupportModulesInManaged (24ms)
				SetLoadedEditorAssemblies (1ms)
				RefreshPlugins (1ms)
				BeforeProcessingInitializeOnLoad (64ms)
				ProcessInitializeOnLoadAttributes (272ms)
				ProcessInitializeOnLoadMethodAttributes (31ms)
				AfterProcessingInitializeOnLoad (7ms)
				EditorAssembliesLoaded (0ms)
			ExecutionOrderSort2 (0ms)
			AwakeInstancesAfterBackupRestoration (7ms)
Platform modules already initialized, skipping
Refreshing native plugins compatible for Editor in 2.01 ms, found 3 plugins.
Preloading 0 native plugins for Editor in 0.00 ms.
Unloading 3700 Unused Serialized files (Serialized files now loaded: 0)
Unloading 26 unused Assets / (15.7 MB). Loaded Objects now: 4239.
Memory consumption went from 169.2 MB to 153.6 MB.
Total: 4.375800 ms (FindLiveObjects: 0.386900 ms CreateObjectMapping: 0.105800 ms MarkObjects: 2.558600 ms  DeleteObjects: 1.323500 ms)

AssetImportParameters requested are different than current active one (requested -> active):
  custom:video-decoder-ogg-theora: a1e56fd34408186e4bbccfd4996cb3dc -> 
  custom:container-muxer-webm: aa71ff27fc2769a1b78a27578f13a17b -> 
  custom:container-demuxer-webm: 4f35f7cbe854078d1ac9338744f61a02 -> 
  custom:video-encoder-webm-vp8: eb34c28f22e8b96e1ab97ce403110664 -> 
  custom:audio-encoder-webm-vorbis: bf7c407c2cedff20999df2af8eb42d56 -> 
  custom:framework-win-MediaFoundation: 216162199b28c13a410421893ffa2e32 -> 
  custom:container-demuxer-ogg: 62fdf1f143b41e24485cea50d1cbac27 -> 
  custom:video-decoder-webm-vp8: 9c59270c3fd7afecdb556c50c9e8de78 -> 
  custom:audio-decoder-ogg-vorbis: bf7c407c2cedff20999df2af8eb42d56 -> 
