Using pre-set license
Built from '2021.3/staging' branch; Version is '2021.3.13f1 (9e7d58001ecf) revision 10386776'; Using compiler version '192829333'; Build Type 'Release'
OS: 'Windows 10  (10.0.19045) 64bit Education' Language: 'fr' Physical Memory: 65205 MB
BatchMode: 1, IsHumanControllingUs: 0, StartBugReporterOnCrash: 0, Is64bit: 1, IsPro: 1

COMMAND LINE ARGUMENTS:
C:\Program Files\Unity\Hub\2021.3.13f1\Editor\Unity.exe
-adb2
-batchMode
-noUpm
-name
AssetImportWorker9
-projectPath
D:/Bear-to-beers/Bear to beers
-logFile
Logs/AssetImportWorker9.log
-srvPort
55554
Successfully changed project path to: D:/Bear-to-beers/Bear to beers
D:/Bear-to-beers/Bear to beers
[UnityMemory] Configuration Parameters - Can be set up in boot.config
    "memorysetup-bucket-allocator-granularity=16"
    "memorysetup-bucket-allocator-bucket-count=8"
    "memorysetup-bucket-allocator-block-size=33554432"
    "memorysetup-bucket-allocator-block-count=8"
    "memorysetup-main-allocator-block-size=16777216"
    "memorysetup-thread-allocator-block-size=16777216"
    "memorysetup-gfx-main-allocator-block-size=16777216"
    "memorysetup-gfx-thread-allocator-block-size=16777216"
    "memorysetup-cache-allocator-block-size=4194304"
    "memorysetup-typetree-allocator-block-size=2097152"
    "memorysetup-profiler-bucket-allocator-granularity=16"
    "memorysetup-profiler-bucket-allocator-bucket-count=8"
    "memorysetup-profiler-bucket-allocator-block-size=33554432"
    "memorysetup-profiler-bucket-allocator-block-count=8"
    "memorysetup-profiler-allocator-block-size=16777216"
    "memorysetup-profiler-editor-allocator-block-size=1048576"
    "memorysetup-temp-allocator-size-main=16777216"
    "memorysetup-job-temp-allocator-block-size=2097152"
    "memorysetup-job-temp-allocator-block-size-background=1048576"
    "memorysetup-job-temp-allocator-reduction-small-platforms=262144"
    "memorysetup-temp-allocator-size-background-worker=32768"
    "memorysetup-temp-allocator-size-job-worker=262144"
    "memorysetup-temp-allocator-size-preload-manager=33554432"
    "memorysetup-temp-allocator-size-nav-mesh-worker=65536"
    "memorysetup-temp-allocator-size-audio-worker=65536"
    "memorysetup-temp-allocator-size-cloud-worker=32768"
    "memorysetup-temp-allocator-size-gi-baking-worker=262144"
    "memorysetup-temp-allocator-size-gfx=262144"
Refreshing native plugins compatible for Editor in 180.66 ms, found 3 plugins.
Preloading 0 native plugins for Editor in 0.00 ms.
Initialize engine version: 2021.3.13f1 (9e7d58001ecf)
[Subsystems] Discovering subsystems at path C:/Program Files/Unity/Hub/2021.3.13f1/Editor/Data/Resources/UnitySubsystems
[Subsystems] Discovering subsystems at path D:/Bear-to-beers/Bear to beers/Assets
GfxDevice: creating device client; threaded=0; jobified=0
Direct3D:
    Version:  Direct3D 11.0 [level 11.1]
    Renderer: Intel(R) UHD Graphics 770 (ID=0x4680)
    Vendor:   Intel
    VRAM:     32602 MB
    Driver:   31.0.101.3358
Initialize mono
Mono path[0] = 'C:/Program Files/Unity/Hub/2021.3.13f1/Editor/Data/Managed'
Mono path[1] = 'C:/Program Files/Unity/Hub/2021.3.13f1/Editor/Data/MonoBleedingEdge/lib/mono/unityjit-win32'
Mono config path = 'C:/Program Files/Unity/Hub/2021.3.13f1/Editor/Data/MonoBleedingEdge/etc'
Using monoOptions --debugger-agent=transport=dt_socket,embedding=1,server=y,suspend=n,address=127.0.0.1:56708
Begin MonoManager ReloadAssembly
Registering precompiled unity dll's ...
Register platform support module: C:/Program Files/Unity/Hub/2021.3.13f1/Editor/Data/PlaybackEngines/WebGLSupport/UnityEditor.WebGL.Extensions.dll
Register platform support module: C:/Program Files/Unity/Hub/2021.3.13f1/Editor/Data/PlaybackEngines/AndroidPlayer/UnityEditor.Android.Extensions.dll
Register platform support module: C:/Program Files/Unity/Hub/2021.3.13f1/Editor/Data/PlaybackEngines/WindowsStandaloneSupport/UnityEditor.WindowsStandalone.Extensions.dll
Registered in 0.041084 seconds.
Native extension for WindowsStandalone target not found
Native extension for Android target not found
Native extension for WebGL target not found
Refreshing native plugins compatible for Editor in 101.06 ms, found 3 plugins.
Preloading 0 native plugins for Editor in 0.00 ms.
Mono: successfully reloaded assembly
- Completed reload, in  1.218 seconds
Domain Reload Profiling:
	ReloadAssembly (1218ms)
		BeginReloadAssembly (361ms)
			ExecutionOrderSort (0ms)
			DisableScriptedObjects (0ms)
			BackupInstance (0ms)
			ReleaseScriptingObjects (0ms)
			CreateAndSetChildDomain (1ms)
		EndReloadAssembly (662ms)
			LoadAssemblies (371ms)
			RebuildTransferFunctionScriptingTraits (0ms)
			SetupTypeCache (220ms)
			ReleaseScriptCaches (0ms)
			RebuildScriptCaches (32ms)
			SetupLoadedEditorAssemblies (338ms)
				LogAssemblyErrors (0ms)
				InitializePlatformSupportModulesInManaged (51ms)
				SetLoadedEditorAssemblies (0ms)
				RefreshPlugins (101ms)
				BeforeProcessingInitializeOnLoad (1ms)
				ProcessInitializeOnLoadAttributes (132ms)
				ProcessInitializeOnLoadMethodAttributes (52ms)
				AfterProcessingInitializeOnLoad (0ms)
				EditorAssembliesLoaded (0ms)
			ExecutionOrderSort2 (0ms)
			AwakeInstancesAfterBackupRestoration (0ms)
Platform modules already initialized, skipping
Registering precompiled user dll's ...
Registered in 0.101116 seconds.
Begin MonoManager ReloadAssembly
Symbol file LoadedFromMemory doesn't match image D:\Bear-to-beers\Bear to beers\Library\PackageCache\com.unity.visualscripting@1.7.8\Editor\VisualScripting.Core\Dependencies\YamlDotNet\Unity.VisualScripting.YamlDotNet.dll
Symbol file LoadedFromMemory doesn't match image D:\Bear-to-beers\Bear to beers\Library\PackageCache\com.unity.visualscripting@1.7.8\Editor\VisualScripting.Core\Dependencies\DotNetZip\Unity.VisualScripting.IonicZip.dll
Native extension for WindowsStandalone target not found
Native extension for Android target not found
Native extension for WebGL target not found
Refreshing native plugins compatible for Editor in 97.38 ms, found 3 plugins.
Preloading 0 native plugins for Editor in 0.00 ms.
Mono: successfully reloaded assembly
- Completed reload, in  1.849 seconds
Domain Reload Profiling:
	ReloadAssembly (1850ms)
		BeginReloadAssembly (110ms)
			ExecutionOrderSort (0ms)
			DisableScriptedObjects (7ms)
			BackupInstance (0ms)
			ReleaseScriptingObjects (0ms)
			CreateAndSetChildDomain (19ms)
		EndReloadAssembly (1572ms)
			LoadAssemblies (431ms)
			RebuildTransferFunctionScriptingTraits (0ms)
			SetupTypeCache (384ms)
			ReleaseScriptCaches (1ms)
			RebuildScriptCaches (62ms)
			SetupLoadedEditorAssemblies (637ms)
				LogAssemblyErrors (0ms)
				InitializePlatformSupportModulesInManaged (16ms)
				SetLoadedEditorAssemblies (0ms)
				RefreshPlugins (97ms)
				BeforeProcessingInitializeOnLoad (95ms)
				ProcessInitializeOnLoadAttributes (359ms)
				ProcessInitializeOnLoadMethodAttributes (60ms)
				AfterProcessingInitializeOnLoad (8ms)
				EditorAssembliesLoaded (0ms)
			ExecutionOrderSort2 (0ms)
			AwakeInstancesAfterBackupRestoration (7ms)
Platform modules already initialized, skipping
========================================================================
Worker process is ready to serve import requests
Launched and connected shader compiler UnityShaderCompiler.exe after 0.09 seconds
Refreshing native plugins compatible for Editor in 0.78 ms, found 3 plugins.
Preloading 0 native plugins for Editor in 0.00 ms.
Unloading 3848 Unused Serialized files (Serialized files now loaded: 0)
Unloading 40 unused Assets / (1.3 MB). Loaded Objects now: 4322.
Memory consumption went from 173.3 MB to 172.0 MB.
Total: 3.611500 ms (FindLiveObjects: 0.434900 ms CreateObjectMapping: 0.123500 ms MarkObjects: 2.772900 ms  DeleteObjects: 0.279100 ms)

AssetImportParameters requested are different than current active one (requested -> active):
  custom:video-decoder-ogg-theora: a1e56fd34408186e4bbccfd4996cb3dc -> 
  custom:container-muxer-webm: aa71ff27fc2769a1b78a27578f13a17b -> 
  custom:container-demuxer-webm: 4f35f7cbe854078d1ac9338744f61a02 -> 
  custom:video-encoder-webm-vp8: eb34c28f22e8b96e1ab97ce403110664 -> 
  custom:audio-encoder-webm-vorbis: bf7c407c2cedff20999df2af8eb42d56 -> 
  custom:framework-win-MediaFoundation: 216162199b28c13a410421893ffa2e32 -> 
  custom:container-demuxer-ogg: 62fdf1f143b41e24485cea50d1cbac27 -> 
  custom:video-decoder-webm-vp8: 9c59270c3fd7afecdb556c50c9e8de78 -> 
  custom:audio-decoder-ogg-vorbis: bf7c407c2cedff20999df2af8eb42d56 -> 
========================================================================
Received Import Request.
  Time since last request: 793435.596991 seconds.
  path: Assets/Maps/RPGPP_LT/Prefabs/Nature/Rocks/rpgpp_lt_rock_small_01.prefab
  artifactKey: Guid(dc9954dcaaaee02409e17bacb3dcc453) Importer(815301076,1909f56bfc062723c751e8b465ee728b)
Start importing Assets/Maps/RPGPP_LT/Prefabs/Nature/Rocks/rpgpp_lt_rock_small_01.prefab using Guid(dc9954dcaaaee02409e17bacb3dcc453) Importer(815301076,1909f56bfc062723c751e8b465ee728b)  -> (artifact id: '63d6c9f5209945bc7c9052f9f08ec7c8') in 0.192339 seconds 
========================================================================
Received Import Request.
  Time since last request: 1.732223 seconds.
  path: Assets/Maps/RPGPP_LT/Prefabs/Nature/Terrain/rpgpp_lt_terrain_grass_01.prefab
  artifactKey: Guid(bdf8e7438a7816543998181bd3067573) Importer(815301076,1909f56bfc062723c751e8b465ee728b)
Start importing Assets/Maps/RPGPP_LT/Prefabs/Nature/Terrain/rpgpp_lt_terrain_grass_01.prefab using Guid(bdf8e7438a7816543998181bd3067573) Importer(815301076,1909f56bfc062723c751e8b465ee728b)  -> (artifact id: '3cf1edf72af971228856e8de16d31197') in 0.015132 seconds 
========================================================================
Received Import Request.
  Time since last request: 0.000024 seconds.
  path: Assets/Maps/RPGPP_LT/Prefabs/Nature/Terrain/rpgpp_lt_terrain_sand_01.prefab
  artifactKey: Guid(e7489574cca6d4645a7019414b8288e8) Importer(815301076,1909f56bfc062723c751e8b465ee728b)
Start importing Assets/Maps/RPGPP_LT/Prefabs/Nature/Terrain/rpgpp_lt_terrain_sand_01.prefab using Guid(e7489574cca6d4645a7019414b8288e8) Importer(815301076,1909f56bfc062723c751e8b465ee728b)  -> (artifact id: '49a48bfb75944ec2ace315b34dcb40ee') in 0.077728 seconds 
========================================================================
Received Import Request.
  Time since last request: 24.397558 seconds.
  path: Assets/Maps/RPGPP_LT/Models/Props/rpgpp_lt_bathtub_wood_01.fbx
  artifactKey: Guid(1a8449922d22bae4791e0335226fa1aa) Importer(815301076,1909f56bfc062723c751e8b465ee728b)
Start importing Assets/Maps/RPGPP_LT/Models/Props/rpgpp_lt_bathtub_wood_01.fbx using Guid(1a8449922d22bae4791e0335226fa1aa) Importer(815301076,1909f56bfc062723c751e8b465ee728b)  -> (artifact id: '3a5b38840977f1be31e31f4899ecf00d') in 0.080510 seconds 
========================================================================
Received Import Request.
  Time since last request: 0.000025 seconds.
  path: Assets/Maps/RPGPP_LT/Models/Props/rpgpp_lt_chair_01a.fbx
  artifactKey: Guid(c7acbad2649a15647a7a4dfd8cceb5ac) Importer(815301076,1909f56bfc062723c751e8b465ee728b)
Start importing Assets/Maps/RPGPP_LT/Models/Props/rpgpp_lt_chair_01a.fbx using Guid(c7acbad2649a15647a7a4dfd8cceb5ac) Importer(815301076,1909f56bfc062723c751e8b465ee728b)  -> (artifact id: '8ae03ce3d5a449cfcb67b3885a3d7ec7') in 0.076849 seconds 
========================================================================
Received Import Request.
  Time since last request: 0.000029 seconds.
  path: Assets/Maps/RPGPP_LT/Models/Props/rpgpp_lt_box_wood_01.fbx
  artifactKey: Guid(ab945ff7c1d59bb4a8b506cb8c7dafcd) Importer(815301076,1909f56bfc062723c751e8b465ee728b)
Start importing Assets/Maps/RPGPP_LT/Models/Props/rpgpp_lt_box_wood_01.fbx using Guid(ab945ff7c1d59bb4a8b506cb8c7dafcd) Importer(815301076,1909f56bfc062723c751e8b465ee728b)  -> (artifact id: '0cd3c0620b2b1eaabe1b6eddfe4da55b') in 0.084352 seconds 
========================================================================
Received Import Request.
  Time since last request: 0.816651 seconds.
  path: Assets/Maps/RPGPP_LT/Models/Structures/rpgpp_lt_building_04.fbx
  artifactKey: Guid(cc4034e4bb7d9cd418975561c7bcd316) Importer(815301076,1909f56bfc062723c751e8b465ee728b)
Start importing Assets/Maps/RPGPP_LT/Models/Structures/rpgpp_lt_building_04.fbx using Guid(cc4034e4bb7d9cd418975561c7bcd316) Importer(815301076,1909f56bfc062723c751e8b465ee728b)  -> (artifact id: 'd1ded1f32a32e8a391178f8798e101c1') in 0.038153 seconds 
Editor requested this worker to shutdown with reason: Scaling down because of idle timeout
AssetImportWorker is now disconnected from the server
Process exiting
Exiting without the bug reporter. Application will terminate with return code 0