Using pre-set license
Built from '2021.3/staging' branch; Version is '2021.3.13f1 (9e7d58001ecf) revision 10386776'; Using compiler version '192829333'; Build Type 'Release'
OS: 'Windows 10  (10.0.19045) 64bit Education' Language: 'fr' Physical Memory: 65205 MB
BatchMode: 1, IsHumanControllingUs: 0, StartBugReporterOnCrash: 0, Is64bit: 1, IsPro: 1

COMMAND LINE ARGUMENTS:
C:\Program Files\Unity\Hub\2021.3.13f1\Editor\Unity.exe
-adb2
-batchMode
-noUpm
-name
AssetImportWorker6
-projectPath
D:/Bear-to-beers/Bear to beers
-logFile
Logs/AssetImportWorker6.log
-srvPort
55554
Successfully changed project path to: D:/Bear-to-beers/Bear to beers
D:/Bear-to-beers/Bear to beers
[UnityMemory] Configuration Parameters - Can be set up in boot.config
    "memorysetup-bucket-allocator-granularity=16"
    "memorysetup-bucket-allocator-bucket-count=8"
    "memorysetup-bucket-allocator-block-size=33554432"
    "memorysetup-bucket-allocator-block-count=8"
    "memorysetup-main-allocator-block-size=16777216"
    "memorysetup-thread-allocator-block-size=16777216"
    "memorysetup-gfx-main-allocator-block-size=16777216"
    "memorysetup-gfx-thread-allocator-block-size=16777216"
    "memorysetup-cache-allocator-block-size=4194304"
    "memorysetup-typetree-allocator-block-size=2097152"
    "memorysetup-profiler-bucket-allocator-granularity=16"
    "memorysetup-profiler-bucket-allocator-bucket-count=8"
    "memorysetup-profiler-bucket-allocator-block-size=33554432"
    "memorysetup-profiler-bucket-allocator-block-count=8"
    "memorysetup-profiler-allocator-block-size=16777216"
    "memorysetup-profiler-editor-allocator-block-size=1048576"
    "memorysetup-temp-allocator-size-main=16777216"
    "memorysetup-job-temp-allocator-block-size=2097152"
    "memorysetup-job-temp-allocator-block-size-background=1048576"
    "memorysetup-job-temp-allocator-reduction-small-platforms=262144"
    "memorysetup-temp-allocator-size-background-worker=32768"
    "memorysetup-temp-allocator-size-job-worker=262144"
    "memorysetup-temp-allocator-size-preload-manager=33554432"
    "memorysetup-temp-allocator-size-nav-mesh-worker=65536"
    "memorysetup-temp-allocator-size-audio-worker=65536"
    "memorysetup-temp-allocator-size-cloud-worker=32768"
    "memorysetup-temp-allocator-size-gi-baking-worker=262144"
    "memorysetup-temp-allocator-size-gfx=262144"
Refreshing native plugins compatible for Editor in 111.73 ms, found 3 plugins.
Preloading 0 native plugins for Editor in 0.00 ms.
Initialize engine version: 2021.3.13f1 (9e7d58001ecf)
[Subsystems] Discovering subsystems at path C:/Program Files/Unity/Hub/2021.3.13f1/Editor/Data/Resources/UnitySubsystems
[Subsystems] Discovering subsystems at path D:/Bear-to-beers/Bear to beers/Assets
GfxDevice: creating device client; threaded=0; jobified=0
Direct3D:
    Version:  Direct3D 11.0 [level 11.1]
    Renderer: Intel(R) UHD Graphics 770 (ID=0x4680)
    Vendor:   Intel
    VRAM:     32602 MB
    Driver:   31.0.101.3358
Initialize mono
Mono path[0] = 'C:/Program Files/Unity/Hub/2021.3.13f1/Editor/Data/Managed'
Mono path[1] = 'C:/Program Files/Unity/Hub/2021.3.13f1/Editor/Data/MonoBleedingEdge/lib/mono/unityjit-win32'
Mono config path = 'C:/Program Files/Unity/Hub/2021.3.13f1/Editor/Data/MonoBleedingEdge/etc'
Using monoOptions --debugger-agent=transport=dt_socket,embedding=1,server=y,suspend=n,address=127.0.0.1:56332
Begin MonoManager ReloadAssembly
Registering precompiled unity dll's ...
Register platform support module: C:/Program Files/Unity/Hub/2021.3.13f1/Editor/Data/PlaybackEngines/WebGLSupport/UnityEditor.WebGL.Extensions.dll
Register platform support module: C:/Program Files/Unity/Hub/2021.3.13f1/Editor/Data/PlaybackEngines/AndroidPlayer/UnityEditor.Android.Extensions.dll
Register platform support module: C:/Program Files/Unity/Hub/2021.3.13f1/Editor/Data/PlaybackEngines/WindowsStandaloneSupport/UnityEditor.WindowsStandalone.Extensions.dll
Registered in 0.009408 seconds.
Native extension for WindowsStandalone target not found
Native extension for Android target not found
Native extension for WebGL target not found
Refreshing native plugins compatible for Editor in 109.94 ms, found 3 plugins.
Preloading 0 native plugins for Editor in 0.00 ms.
Mono: successfully reloaded assembly
- Completed reload, in  0.865 seconds
Domain Reload Profiling:
	ReloadAssembly (866ms)
		BeginReloadAssembly (99ms)
			ExecutionOrderSort (0ms)
			DisableScriptedObjects (0ms)
			BackupInstance (0ms)
			ReleaseScriptingObjects (0ms)
			CreateAndSetChildDomain (1ms)
		EndReloadAssembly (626ms)
			LoadAssemblies (97ms)
			RebuildTransferFunctionScriptingTraits (0ms)
			SetupTypeCache (144ms)
			ReleaseScriptCaches (0ms)
			RebuildScriptCaches (35ms)
			SetupLoadedEditorAssemblies (384ms)
				LogAssemblyErrors (0ms)
				InitializePlatformSupportModulesInManaged (61ms)
				SetLoadedEditorAssemblies (1ms)
				RefreshPlugins (110ms)
				BeforeProcessingInitializeOnLoad (2ms)
				ProcessInitializeOnLoadAttributes (156ms)
				ProcessInitializeOnLoadMethodAttributes (54ms)
				AfterProcessingInitializeOnLoad (0ms)
				EditorAssembliesLoaded (0ms)
			ExecutionOrderSort2 (0ms)
			AwakeInstancesAfterBackupRestoration (0ms)
Platform modules already initialized, skipping
Registering precompiled user dll's ...
Registered in 0.005477 seconds.
Begin MonoManager ReloadAssembly
Symbol file LoadedFromMemory doesn't match image D:\Bear-to-beers\Bear to beers\Library\PackageCache\com.unity.visualscripting@1.7.8\Editor\VisualScripting.Core\Dependencies\YamlDotNet\Unity.VisualScripting.YamlDotNet.dll
Symbol file LoadedFromMemory doesn't match image D:\Bear-to-beers\Bear to beers\Library\PackageCache\com.unity.visualscripting@1.7.8\Editor\VisualScripting.Core\Dependencies\DotNetZip\Unity.VisualScripting.IonicZip.dll
Native extension for WindowsStandalone target not found
Native extension for Android target not found
Native extension for WebGL target not found
Refreshing native plugins compatible for Editor in 104.97 ms, found 3 plugins.
Preloading 0 native plugins for Editor in 0.00 ms.
Mono: successfully reloaded assembly
- Completed reload, in  1.452 seconds
Domain Reload Profiling:
	ReloadAssembly (1453ms)
		BeginReloadAssembly (123ms)
			ExecutionOrderSort (0ms)
			DisableScriptedObjects (7ms)
			BackupInstance (0ms)
			ReleaseScriptingObjects (0ms)
			CreateAndSetChildDomain (22ms)
		EndReloadAssembly (1183ms)
			LoadAssemblies (92ms)
			RebuildTransferFunctionScriptingTraits (0ms)
			SetupTypeCache (341ms)
			ReleaseScriptCaches (1ms)
			RebuildScriptCaches (77ms)
			SetupLoadedEditorAssemblies (607ms)
				LogAssemblyErrors (0ms)
				InitializePlatformSupportModulesInManaged (16ms)
				SetLoadedEditorAssemblies (0ms)
				RefreshPlugins (105ms)
				BeforeProcessingInitializeOnLoad (108ms)
				ProcessInitializeOnLoadAttributes (338ms)
				ProcessInitializeOnLoadMethodAttributes (30ms)
				AfterProcessingInitializeOnLoad (10ms)
				EditorAssembliesLoaded (0ms)
			ExecutionOrderSort2 (0ms)
			AwakeInstancesAfterBackupRestoration (8ms)
Platform modules already initialized, skipping
========================================================================
Worker process is ready to serve import requests
Launched and connected shader compiler UnityShaderCompiler.exe after 0.05 seconds
Refreshing native plugins compatible for Editor in 0.77 ms, found 3 plugins.
Preloading 0 native plugins for Editor in 0.00 ms.
Unloading 3848 Unused Serialized files (Serialized files now loaded: 0)
Unloading 40 unused Assets / (1.3 MB). Loaded Objects now: 4322.
Memory consumption went from 173.4 MB to 172.1 MB.
Total: 3.574400 ms (FindLiveObjects: 0.473400 ms CreateObjectMapping: 0.125800 ms MarkObjects: 2.733600 ms  DeleteObjects: 0.240800 ms)

AssetImportParameters requested are different than current active one (requested -> active):
  custom:video-decoder-ogg-theora: a1e56fd34408186e4bbccfd4996cb3dc -> 
  custom:container-muxer-webm: aa71ff27fc2769a1b78a27578f13a17b -> 
  custom:container-demuxer-webm: 4f35f7cbe854078d1ac9338744f61a02 -> 
  custom:video-encoder-webm-vp8: eb34c28f22e8b96e1ab97ce403110664 -> 
  custom:audio-encoder-webm-vorbis: bf7c407c2cedff20999df2af8eb42d56 -> 
  custom:framework-win-MediaFoundation: 216162199b28c13a410421893ffa2e32 -> 
  custom:container-demuxer-ogg: 62fdf1f143b41e24485cea50d1cbac27 -> 
  custom:video-decoder-webm-vp8: 9c59270c3fd7afecdb556c50c9e8de78 -> 
  custom:audio-decoder-ogg-vorbis: bf7c407c2cedff20999df2af8eb42d56 -> 
========================================================================
Received Import Request.
  Time since last request: 793082.282678 seconds.
  path: Assets/Maps/Handpainted_Grass_and_Ground_Textures/Demo/terrain_layers/Grass_swamp_normal_left.terrainlayer
  artifactKey: Guid(055834330a513be4794397d9ee7d6802) Importer(815301076,1909f56bfc062723c751e8b465ee728b)
Start importing Assets/Maps/Handpainted_Grass_and_Ground_Textures/Demo/terrain_layers/Grass_swamp_normal_left.terrainlayer using Guid(055834330a513be4794397d9ee7d6802) Importer(815301076,1909f56bfc062723c751e8b465ee728b)  -> (artifact id: '28b30170ddd539209eb0e3cf67be3b44') in 0.098256 seconds 
========================================================================
Received Import Request.
  Time since last request: 0.195627 seconds.
  path: Assets/_TerrainAutoUpgrade/layer_MRLFGenericRockGrass_DiffuseMRLFGenericRockGrass_Normal4a04ae78e003058e.terrainlayer
  artifactKey: Guid(1675c1dd4f788244ba1f0e45b1bc47b3) Importer(815301076,1909f56bfc062723c751e8b465ee728b)
Start importing Assets/_TerrainAutoUpgrade/layer_MRLFGenericRockGrass_DiffuseMRLFGenericRockGrass_Normal4a04ae78e003058e.terrainlayer using Guid(1675c1dd4f788244ba1f0e45b1bc47b3) Importer(815301076,1909f56bfc062723c751e8b465ee728b)  -> (artifact id: '8420927f83a38d73bfc0bd040f25c2fd') in 0.017385 seconds 
========================================================================
Received Import Request.
  Time since last request: 0.000026 seconds.
  path: Assets/Maps/Handpainted_Grass_and_Ground_Textures/Demo/terrain_layers/NewLayer 1.terrainlayer
  artifactKey: Guid(0cafbabc50bb41a49b63a39566fbea86) Importer(815301076,1909f56bfc062723c751e8b465ee728b)
Start importing Assets/Maps/Handpainted_Grass_and_Ground_Textures/Demo/terrain_layers/NewLayer 1.terrainlayer using Guid(0cafbabc50bb41a49b63a39566fbea86) Importer(815301076,1909f56bfc062723c751e8b465ee728b)  -> (artifact id: '0a5a2763345c03d759516427e2716500') in 0.022941 seconds 
========================================================================
Received Import Request.
  Time since last request: 0.157111 seconds.
  path: Assets/Maps/Handpainted_Grass_and_Ground_Textures/Demo/terrain_layers/NewLayer 6.terrainlayer
  artifactKey: Guid(a10e5b40c5ea20c4cb975502d660f2f7) Importer(815301076,1909f56bfc062723c751e8b465ee728b)
Start importing Assets/Maps/Handpainted_Grass_and_Ground_Textures/Demo/terrain_layers/NewLayer 6.terrainlayer using Guid(a10e5b40c5ea20c4cb975502d660f2f7) Importer(815301076,1909f56bfc062723c751e8b465ee728b)  -> (artifact id: 'fd3b254002ec760ce50ba722ff7e8375') in 0.048954 seconds 
========================================================================
Received Import Request.
  Time since last request: 0.000027 seconds.
  path: Assets/Maps/Handpainted_Grass_and_Ground_Textures/Demo/terrain_layers/NewLayer 19.terrainlayer
  artifactKey: Guid(225ce8ee6d06c63469219114c9a8bbfa) Importer(815301076,1909f56bfc062723c751e8b465ee728b)
Start importing Assets/Maps/Handpainted_Grass_and_Ground_Textures/Demo/terrain_layers/NewLayer 19.terrainlayer using Guid(225ce8ee6d06c63469219114c9a8bbfa) Importer(815301076,1909f56bfc062723c751e8b465ee728b)  -> (artifact id: 'c85ca18de76eab4c84bfcc283eebdd38') in 0.026474 seconds 
========================================================================
Received Import Request.
  Time since last request: 0.000035 seconds.
  path: Assets/Maps/Handpainted_Grass_and_Ground_Textures/Demo/terrain_layers/NewLayer 24.terrainlayer
  artifactKey: Guid(23409d7dcf8b49e4eb2f07582a35cb3d) Importer(815301076,1909f56bfc062723c751e8b465ee728b)
Start importing Assets/Maps/Handpainted_Grass_and_Ground_Textures/Demo/terrain_layers/NewLayer 24.terrainlayer using Guid(23409d7dcf8b49e4eb2f07582a35cb3d) Importer(815301076,1909f56bfc062723c751e8b465ee728b)  -> (artifact id: '9014cdedcfd7e3202a3f2bb9f25f8b1f') in 0.063246 seconds 
========================================================================
Received Import Request.
  Time since last request: 0.000027 seconds.
  path: Assets/Maps/Handpainted_Grass_and_Ground_Textures/Demo/terrain_layers/NewLayer 17.terrainlayer
  artifactKey: Guid(b1000b2dde0267c4b847b099f9eb8647) Importer(815301076,1909f56bfc062723c751e8b465ee728b)
Start importing Assets/Maps/Handpainted_Grass_and_Ground_Textures/Demo/terrain_layers/NewLayer 17.terrainlayer using Guid(b1000b2dde0267c4b847b099f9eb8647) Importer(815301076,1909f56bfc062723c751e8b465ee728b)  -> (artifact id: 'c01646a37f3b36ed9b6bef44a693580d') in 0.064988 seconds 
========================================================================
Received Import Request.
  Time since last request: 1.344848 seconds.
  path: Assets/Maps/Handpainted_Grass_and_Ground_Textures/Demo/terrain_layers/NewLayer 26.terrainlayer
  artifactKey: Guid(b7f299a22e2c71641bf5605ebbefdffa) Importer(815301076,1909f56bfc062723c751e8b465ee728b)
Start importing Assets/Maps/Handpainted_Grass_and_Ground_Textures/Demo/terrain_layers/NewLayer 26.terrainlayer using Guid(b7f299a22e2c71641bf5605ebbefdffa) Importer(815301076,1909f56bfc062723c751e8b465ee728b)  -> (artifact id: '17b31cbdd15cee2307bccc490dafea55') in 0.016487 seconds 
Editor requested this worker to shutdown with reason: Scaling down because of idle timeout
AssetImportWorker is now disconnected from the server
Process exiting
Exiting without the bug reporter. Application will terminate with return code 0